2024-02-05 12:59:02,868 CRITICAL Unhandled exception
Traceback (most recent call last):
  File "d:\pate-trigger-sv-mgr\main.py", line 45, in main
    await restart_process()
  File "d:\pate-trigger-sv-mgr\main.py", line 104, in restart_process
    if wait_process_unexpected_die_task is not None:
       ^^^^^^^^^^^^^^^^^^^^^^^^^^^^^^^^
NameError: name 'wait_process_unexpected_die_task' is not defined. Did you mean: 'wait_process_unexpected_die'?
2024-02-05 13:19:32,204 D ME MAY SIEU BEO
2024-02-05 13:19:49,837 DEBUG ME MAY SIEU BEO
2024-02-05 13:20:12,977 D ME MAY SIEU BEO
2024-02-05 13:25:07,145 I ME MAY SIEU BEO
2024-02-05 13:25:12,150 D Waiting for all logs to be sent to discord webhook
2024-02-05 13:27:17,140 I ME MAY SIEU BEO
2024-02-05 13:27:22,145 D Waiting for all logs to be sent to discord webhook
2024-02-05 13:29:04,918 I ME MAY SIEU BEO
2024-02-05 13:29:10,470 D Waiting for all logs to be sent to discord webhook
2024-02-05 13:29:20,802 I ME MAY SIEU BEO
2024-02-05 13:29:32,923 D Waiting for all logs to be sent to discord webhook
2024-02-05 13:35:40,168 I ME MAY SIEU BEO
2024-02-05 13:35:45,170 D Waiting for all logs to be sent to discord webhook
2024-02-05 13:37:33,334 I ME MAY SIEU BEO
2024-02-05 13:37:38,335 D Waiting for all logs to be sent to discord webhook
2024-02-05 13:39:25,485 D Waiting for all logs to be sent to discord webhook
2024-02-05 13:40:18,599 I ME MAY SIEU BEO
2024-02-05 13:40:29,834 I ME MAY SIEU BEO
2024-02-05 13:40:34,847 D Waiting for all logs to be sent to discord webhook
2024-02-05 13:40:41,692 I ME MAY SIEU BEO
2024-02-05 13:40:54,460 D Waiting for all logs to be sent to discord webhook
2024-02-05 13:45:30,221 I ME MAY SIEU BEO
2024-02-05 13:45:35,224 D Waiting for all logs to be sent to discord webhook
2024-02-05 13:45:44,409 I ME MAY SIEU BEO
2024-02-05 13:45:44,411 D Waiting for all logs to be sent to discord webhook
2024-02-05 14:07:47,533 I ME MAY SIEU BEO
2024-02-05 14:07:47,535 D Waiting for all logs to be sent to discord webhook
2024-02-05 14:09:32,667 I pate-trigger-sv-mgr @sechnaptien mo sv OPEN
2024-02-05 14:09:32,668 I Starting process
2024-02-05 14:09:32,910 C Unhandled exception
Traceback (most recent call last):
  File "C:\Users\GIGABYTE\.virtualenvs\pate-trigger-sv-mgr-_-Wr_S2L\Lib\site-packages\psutil\_pswindows.py", line 730, in wrapper
    return fun(self, *args, **kwargs)
           ^^^^^^^^^^^^^^^^^^^^^^^^^^
  File "C:\Users\GIGABYTE\.virtualenvs\pate-trigger-sv-mgr-_-Wr_S2L\Lib\site-packages\psutil\_pswindows.py", line 991, in create_time
    user, system, created = cext.proc_times(self.pid)
                            ^^^^^^^^^^^^^^^^^^^^^^^^^
ProcessLookupError: [Errno 3] assume no such process (originated from GetExitCodeProcess != STILL_ACTIVE)

During handling of the above exception, another exception occurred:

Traceback (most recent call last):
  File "C:\Users\GIGABYTE\.virtualenvs\pate-trigger-sv-mgr-_-Wr_S2L\Lib\site-packages\psutil\__init__.py", line 359, in _init
    self.create_time()
  File "C:\Users\GIGABYTE\.virtualenvs\pate-trigger-sv-mgr-_-Wr_S2L\Lib\site-packages\psutil\__init__.py", line 752, in create_time
    self._create_time = self._proc.create_time()
                        ^^^^^^^^^^^^^^^^^^^^^^^^
  File "C:\Users\GIGABYTE\.virtualenvs\pate-trigger-sv-mgr-_-Wr_S2L\Lib\site-packages\psutil\_pswindows.py", line 732, in wrapper
    raise convert_oserror(err, pid=self.pid, name=self._name)
psutil.NoSuchProcess: process no longer exists (pid=1888)

During handling of the above exception, another exception occurred:

Traceback (most recent call last):
  File "d:\pate-trigger-sv-mgr\main.py", line 44, in main
    await restart_process()
  File "d:\pate-trigger-sv-mgr\main.py", line 117, in restart_process
    await start_process()
  File "d:\pate-trigger-sv-mgr\main.py", line 131, in start_process
    return get_process()
           ^^^^^^^^^^^^^
  File "d:\pate-trigger-sv-mgr\main.py", line 251, in get_process
    for process in psutil.Process(process_parent_subprocess.pid).children(True):
                   ^^^^^^^^^^^^^^^^^^^^^^^^^^^^^^^^^^^^^^^^^^^^^
  File "C:\Users\GIGABYTE\.virtualenvs\pate-trigger-sv-mgr-_-Wr_S2L\Lib\site-packages\psutil\__init__.py", line 323, in __init__
    self._init(pid)
  File "C:\Users\GIGABYTE\.virtualenvs\pate-trigger-sv-mgr-_-Wr_S2L\Lib\site-packages\psutil\__init__.py", line 372, in _init
    raise NoSuchProcess(pid, msg=msg)
psutil.NoSuchProcess: process PID not found (pid=1888)
2024-02-05 14:09:32,936 D Waiting for all logs to be sent to discord webhook
2024-02-05 15:12:44,810 I pate-trigger-sv-mgr @sechnaptien mo sv OPEN
2024-02-05 15:12:44,810 I Starting process
2024-02-05 15:12:45,047 C Unhandled exception
Traceback (most recent call last):
  File "C:\Users\GIGABYTE\.virtualenvs\pate-trigger-sv-mgr-_-Wr_S2L\Lib\site-packages\psutil\_pswindows.py", line 730, in wrapper
    return fun(self, *args, **kwargs)
           ^^^^^^^^^^^^^^^^^^^^^^^^^^
  File "C:\Users\GIGABYTE\.virtualenvs\pate-trigger-sv-mgr-_-Wr_S2L\Lib\site-packages\psutil\_pswindows.py", line 991, in create_time
    user, system, created = cext.proc_times(self.pid)
                            ^^^^^^^^^^^^^^^^^^^^^^^^^
ProcessLookupError: [Errno 3] assume no such process (originated from GetExitCodeProcess != STILL_ACTIVE)

During handling of the above exception, another exception occurred:

Traceback (most recent call last):
  File "C:\Users\GIGABYTE\.virtualenvs\pate-trigger-sv-mgr-_-Wr_S2L\Lib\site-packages\psutil\__init__.py", line 359, in _init
    self.create_time()
  File "C:\Users\GIGABYTE\.virtualenvs\pate-trigger-sv-mgr-_-Wr_S2L\Lib\site-packages\psutil\__init__.py", line 752, in create_time
    self._create_time = self._proc.create_time()
                        ^^^^^^^^^^^^^^^^^^^^^^^^
  File "C:\Users\GIGABYTE\.virtualenvs\pate-trigger-sv-mgr-_-Wr_S2L\Lib\site-packages\psutil\_pswindows.py", line 732, in wrapper
    raise convert_oserror(err, pid=self.pid, name=self._name)
psutil.NoSuchProcess: process no longer exists (pid=7080)

During handling of the above exception, another exception occurred:

Traceback (most recent call last):
  File "d:\pate-trigger-sv-mgr\main.py", line 44, in main
    await restart_process()
  File "d:\pate-trigger-sv-mgr\main.py", line 117, in restart_process
    await start_process()
  File "d:\pate-trigger-sv-mgr\main.py", line 131, in start_process
    return get_process()
           ^^^^^^^^^^^^^
  File "d:\pate-trigger-sv-mgr\main.py", line 251, in get_process
    for process in psutil.Process(process_parent_subprocess.pid).children(True):
                   ^^^^^^^^^^^^^^^^^^^^^^^^^^^^^^^^^^^^^^^^^^^^^
  File "C:\Users\GIGABYTE\.virtualenvs\pate-trigger-sv-mgr-_-Wr_S2L\Lib\site-packages\psutil\__init__.py", line 323, in __init__
    self._init(pid)
  File "C:\Users\GIGABYTE\.virtualenvs\pate-trigger-sv-mgr-_-Wr_S2L\Lib\site-packages\psutil\__init__.py", line 372, in _init
    raise NoSuchProcess(pid, msg=msg)
psutil.NoSuchProcess: process PID not found (pid=7080)
2024-02-05 15:12:45,068 D Waiting for all logs to be sent to discord webhook
2024-02-05 15:15:40,340 I ME MAY SIEU BEO
2024-02-05 15:15:40,341 D Waiting for all logs to be sent to discord webhook
2024-02-05 15:21:32,596 I pate-trigger-sv-mgr @sechnaptien mo sv OPEN
2024-02-05 15:21:32,601 I Starting process
2024-02-05 15:23:47,942 D Waiting for all logs to be sent to discord webhook
2024-02-05 15:25:36,007 D Waiting for all logs to be sent to discord webhook
2024-02-05 15:29:08,419 D Waiting for all logs to be sent to discord webhook
2024-02-05 15:31:33,433 D Waiting for all logs to be sent to discord webhook
2024-02-05 15:33:26,896 D Waiting for all logs to be sent to discord webhook
2024-02-05 15:34:00,936 I System memory: Virtual 6.3GiB/16.0GiB, Swap 126.4MiB/14.8GiB
> Process memory: Virtual -1.0B, Resident -1.0B
> Process uptime -19759 days, 15:26:00/1:00:00, reset count 0, pid None
> Script uptime 0:00:00
> Healthy (False, False)
2024-02-05 15:34:24,569 D Waiting for all logs to be sent to discord webhook
2024-02-05 15:36:09,620 I System memory: Virtual 6.4GiB/16.0GiB, Swap 126.4MiB/14.8GiB
> Process memory: Virtual -1.0B, Resident -1.0B
> Process uptime -19759 days, 15:23:51/1:00:00, reset count 0, pid None
> Script uptime 0:00:00
> Healthy (False, False)
2024-02-05 15:36:25,793 D Waiting for all logs to be sent to discord webhook
2024-02-05 15:39:35,216 I pate-trigger-sv-mgr @sechnaptien mo sv OPEN
2024-02-05 15:39:35,217 I Starting process
2024-02-05 15:39:35,447 I System memory: Virtual 6.4GiB/16.0GiB, Swap 124.9MiB/14.8GiB
> Process memory: Virtual -1.0B, Resident -1.0B
> Process uptime -19759 days, 15:20:25/1:00:00, reset count 0, pid None
> Script uptime 0:00:00
> Healthy (False, False)
2024-02-05 15:39:35,451 C Unhandled exception
Traceback (most recent call last):
  File "C:\Users\GIGABYTE\.virtualenvs\pate-trigger-sv-mgr-_-Wr_S2L\Lib\site-packages\psutil\_pswindows.py", line 730, in wrapper
    return fun(self, *args, **kwargs)
           ^^^^^^^^^^^^^^^^^^^^^^^^^^
  File "C:\Users\GIGABYTE\.virtualenvs\pate-trigger-sv-mgr-_-Wr_S2L\Lib\site-packages\psutil\_pswindows.py", line 991, in create_time
    user, system, created = cext.proc_times(self.pid)
                            ^^^^^^^^^^^^^^^^^^^^^^^^^
ProcessLookupError: [Errno 3] assume no such process (originated from GetExitCodeProcess != STILL_ACTIVE)

During handling of the above exception, another exception occurred:

Traceback (most recent call last):
  File "C:\Users\GIGABYTE\.virtualenvs\pate-trigger-sv-mgr-_-Wr_S2L\Lib\site-packages\psutil\__init__.py", line 359, in _init
    self.create_time()
  File "C:\Users\GIGABYTE\.virtualenvs\pate-trigger-sv-mgr-_-Wr_S2L\Lib\site-packages\psutil\__init__.py", line 752, in create_time
    self._create_time = self._proc.create_time()
                        ^^^^^^^^^^^^^^^^^^^^^^^^
  File "C:\Users\GIGABYTE\.virtualenvs\pate-trigger-sv-mgr-_-Wr_S2L\Lib\site-packages\psutil\_pswindows.py", line 732, in wrapper
    raise convert_oserror(err, pid=self.pid, name=self._name)
psutil.NoSuchProcess: process no longer exists (pid=10792)

During handling of the above exception, another exception occurred:

Traceback (most recent call last):
  File "d:\pate-trigger-sv-mgr\main.py", line 44, in main
    await restart_process()
  File "d:\pate-trigger-sv-mgr\main.py", line 117, in restart_process
    await start_process()
  File "d:\pate-trigger-sv-mgr\main.py", line 131, in start_process
    return get_process()
           ^^^^^^^^^^^^^
  File "d:\pate-trigger-sv-mgr\main.py", line 251, in get_process
    for process in psutil.Process(process_parent_subprocess.pid).children(True):
                   ^^^^^^^^^^^^^^^^^^^^^^^^^^^^^^^^^^^^^^^^^^^^^
  File "C:\Users\GIGABYTE\.virtualenvs\pate-trigger-sv-mgr-_-Wr_S2L\Lib\site-packages\psutil\__init__.py", line 323, in __init__
    self._init(pid)
  File "C:\Users\GIGABYTE\.virtualenvs\pate-trigger-sv-mgr-_-Wr_S2L\Lib\site-packages\psutil\__init__.py", line 372, in _init
    raise NoSuchProcess(pid, msg=msg)
psutil.NoSuchProcess: process PID not found (pid=10792)
2024-02-05 15:39:35,475 D Waiting for all logs to be sent to discord webhook
2024-02-05 15:42:02,437 I ME MAY SIEU BEO
2024-02-05 15:42:03,038 D Waiting for all logs to be sent to discord webhook
2024-02-05 15:42:14,442 I pate-trigger-sv-mgr @sechnaptien mo sv OPEN
2024-02-05 15:42:14,445 I Starting process
2024-02-05 15:42:17,314 I System memory: Virtual 6.5GiB/16.0GiB, Swap 124.9MiB/14.8GiB
> Process memory: Virtual -1.0B, Resident -1.0B
> Process uptime -19759 days, 15:17:43/1:00:00, reset count 0, pid None
> Script uptime -1 day, 23:59:58
> Healthy (False, False)
2024-02-05 15:42:17,322 C Unhandled exception
Traceback (most recent call last):
  File "c:\Users\GIGABYTE\.virtualenvs\pate-trigger-sv-mgr-_-Wr_S2L\Lib\site-packages\psutil\_pswindows.py", line 730, in wrapper
    return fun(self, *args, **kwargs)
           ^^^^^^^^^^^^^^^^^^^^^^^^^^
  File "c:\Users\GIGABYTE\.virtualenvs\pate-trigger-sv-mgr-_-Wr_S2L\Lib\site-packages\psutil\_pswindows.py", line 991, in create_time
    user, system, created = cext.proc_times(self.pid)
                            ^^^^^^^^^^^^^^^^^^^^^^^^^
ProcessLookupError: [Errno 3] assume no such process (originated from GetExitCodeProcess != STILL_ACTIVE)

During handling of the above exception, another exception occurred:

Traceback (most recent call last):
  File "c:\Users\GIGABYTE\.virtualenvs\pate-trigger-sv-mgr-_-Wr_S2L\Lib\site-packages\psutil\__init__.py", line 359, in _init
    self.create_time()
  File "c:\Users\GIGABYTE\.virtualenvs\pate-trigger-sv-mgr-_-Wr_S2L\Lib\site-packages\psutil\__init__.py", line 752, in create_time
    self._create_time = self._proc.create_time()
                        ^^^^^^^^^^^^^^^^^^^^^^^^
  File "c:\Users\GIGABYTE\.virtualenvs\pate-trigger-sv-mgr-_-Wr_S2L\Lib\site-packages\psutil\_pswindows.py", line 732, in wrapper
    raise convert_oserror(err, pid=self.pid, name=self._name)
psutil.NoSuchProcess: process no longer exists (pid=12184)

During handling of the above exception, another exception occurred:

Traceback (most recent call last):
  File "d:\pate-trigger-sv-mgr\main.py", line 44, in main
    await restart_process()
  File "d:\pate-trigger-sv-mgr\main.py", line 117, in restart_process
    await start_process()
  File "d:\pate-trigger-sv-mgr\main.py", line 131, in start_process
    return get_process()
           ^^^^^^^^^^^^^
  File "d:\pate-trigger-sv-mgr\main.py", line 251, in get_process
    for process in psutil.Process(process_parent_subprocess.pid).children(True):
                   ^^^^^^^^^^^^^^^^^^^^^^^^^^^^^^^^^^^^^^^^^^^^^
  File "c:\Users\GIGABYTE\.virtualenvs\pate-trigger-sv-mgr-_-Wr_S2L\Lib\site-packages\psutil\__init__.py", line 323, in __init__
    self._init(pid)
  File "c:\Users\GIGABYTE\.virtualenvs\pate-trigger-sv-mgr-_-Wr_S2L\Lib\site-packages\psutil\__init__.py", line 372, in _init
    raise NoSuchProcess(pid, msg=msg)
psutil.NoSuchProcess: process PID not found (pid=12184)
2024-02-05 15:42:27,487 D Waiting for all logs to be sent to discord webhook
2024-02-05 15:46:09,977 I pate-trigger-sv-mgr @sechnaptien mo sv OPEN
2024-02-05 15:46:09,978 I Starting process
2024-02-05 15:46:10,287 I System memory: Virtual 6.5GiB/16.0GiB, Swap 124.9MiB/14.8GiB
> Process memory: Virtual -1.0B, Resident -1.0B
> Process uptime -19759 days, 15:13:50/1:00:00, reset count 0, pid None
> Script uptime 0:00:00
> Healthy (False, False)
2024-02-05 15:46:10,290 C Unhandled exception
Traceback (most recent call last):
  File "C:\Users\GIGABYTE\.virtualenvs\pate-trigger-sv-mgr-_-Wr_S2L\Lib\site-packages\psutil\_pswindows.py", line 730, in wrapper
    return fun(self, *args, **kwargs)
           ^^^^^^^^^^^^^^^^^^^^^^^^^^
  File "C:\Users\GIGABYTE\.virtualenvs\pate-trigger-sv-mgr-_-Wr_S2L\Lib\site-packages\psutil\_pswindows.py", line 991, in create_time
    user, system, created = cext.proc_times(self.pid)
                            ^^^^^^^^^^^^^^^^^^^^^^^^^
ProcessLookupError: [Errno 3] assume no such process (originated from GetExitCodeProcess != STILL_ACTIVE)

During handling of the above exception, another exception occurred:

Traceback (most recent call last):
  File "C:\Users\GIGABYTE\.virtualenvs\pate-trigger-sv-mgr-_-Wr_S2L\Lib\site-packages\psutil\__init__.py", line 359, in _init
    self.create_time()
  File "C:\Users\GIGABYTE\.virtualenvs\pate-trigger-sv-mgr-_-Wr_S2L\Lib\site-packages\psutil\__init__.py", line 752, in create_time
    self._create_time = self._proc.create_time()
                        ^^^^^^^^^^^^^^^^^^^^^^^^
  File "C:\Users\GIGABYTE\.virtualenvs\pate-trigger-sv-mgr-_-Wr_S2L\Lib\site-packages\psutil\_pswindows.py", line 732, in wrapper
    raise convert_oserror(err, pid=self.pid, name=self._name)
psutil.NoSuchProcess: process no longer exists (pid=12456)

During handling of the above exception, another exception occurred:

Traceback (most recent call last):
  File "d:\pate-trigger-sv-mgr\main.py", line 44, in main
    await restart_process()
  File "d:\pate-trigger-sv-mgr\main.py", line 117, in restart_process
    await start_process()
  File "d:\pate-trigger-sv-mgr\main.py", line 131, in start_process
    return get_process()
           ^^^^^^^^^^^^^
  File "d:\pate-trigger-sv-mgr\main.py", line 251, in get_process
    for process in psutil.Process(process_parent_subprocess.pid).children(True):
                   ^^^^^^^^^^^^^^^^^^^^^^^^^^^^^^^^^^^^^^^^^^^^^
  File "C:\Users\GIGABYTE\.virtualenvs\pate-trigger-sv-mgr-_-Wr_S2L\Lib\site-packages\psutil\__init__.py", line 323, in __init__
    self._init(pid)
  File "C:\Users\GIGABYTE\.virtualenvs\pate-trigger-sv-mgr-_-Wr_S2L\Lib\site-packages\psutil\__init__.py", line 372, in _init
    raise NoSuchProcess(pid, msg=msg)
psutil.NoSuchProcess: process PID not found (pid=12456)
2024-02-05 15:46:10,317 D Waiting for all logs to be sent to discord webhook
2024-02-05 15:47:51,062 I pate-trigger-sv-mgr @sechnaptien mo sv OPEN
2024-02-05 15:47:51,062 I Starting process
2024-02-05 15:47:51,345 I System memory: Virtual 6.5GiB/16.0GiB, Swap 124.9MiB/14.8GiB
> Process memory: Virtual -1.0B, Resident -1.0B
> Process uptime -19759 days, 15:12:09/1:00:00, reset count 0, pid None
> Script uptime 0:00:00
> Healthy (False, False)
2024-02-05 15:47:51,348 C Unhandled exception
Traceback (most recent call last):
  File "C:\Users\GIGABYTE\.virtualenvs\pate-trigger-sv-mgr-_-Wr_S2L\Lib\site-packages\psutil\_pswindows.py", line 730, in wrapper
    return fun(self, *args, **kwargs)
           ^^^^^^^^^^^^^^^^^^^^^^^^^^
  File "C:\Users\GIGABYTE\.virtualenvs\pate-trigger-sv-mgr-_-Wr_S2L\Lib\site-packages\psutil\_pswindows.py", line 991, in create_time
    user, system, created = cext.proc_times(self.pid)
                            ^^^^^^^^^^^^^^^^^^^^^^^^^
ProcessLookupError: [Errno 3] assume no such process (originated from GetExitCodeProcess != STILL_ACTIVE)

During handling of the above exception, another exception occurred:

Traceback (most recent call last):
  File "C:\Users\GIGABYTE\.virtualenvs\pate-trigger-sv-mgr-_-Wr_S2L\Lib\site-packages\psutil\__init__.py", line 359, in _init
    self.create_time()
  File "C:\Users\GIGABYTE\.virtualenvs\pate-trigger-sv-mgr-_-Wr_S2L\Lib\site-packages\psutil\__init__.py", line 752, in create_time
    self._create_time = self._proc.create_time()
                        ^^^^^^^^^^^^^^^^^^^^^^^^
  File "C:\Users\GIGABYTE\.virtualenvs\pate-trigger-sv-mgr-_-Wr_S2L\Lib\site-packages\psutil\_pswindows.py", line 732, in wrapper
    raise convert_oserror(err, pid=self.pid, name=self._name)
psutil.NoSuchProcess: process no longer exists (pid=13096)

During handling of the above exception, another exception occurred:

Traceback (most recent call last):
  File "d:\pate-trigger-sv-mgr\main.py", line 44, in main
    await restart_process()
  File "d:\pate-trigger-sv-mgr\main.py", line 117, in restart_process
    await start_process()
  File "d:\pate-trigger-sv-mgr\main.py", line 131, in start_process
    return get_process()
           ^^^^^^^^^^^^^
  File "d:\pate-trigger-sv-mgr\main.py", line 251, in get_process
    for process in psutil.Process(process_parent_subprocess.pid).children(True):
                   ^^^^^^^^^^^^^^^^^^^^^^^^^^^^^^^^^^^^^^^^^^^^^
  File "C:\Users\GIGABYTE\.virtualenvs\pate-trigger-sv-mgr-_-Wr_S2L\Lib\site-packages\psutil\__init__.py", line 323, in __init__
    self._init(pid)
  File "C:\Users\GIGABYTE\.virtualenvs\pate-trigger-sv-mgr-_-Wr_S2L\Lib\site-packages\psutil\__init__.py", line 372, in _init
    raise NoSuchProcess(pid, msg=msg)
psutil.NoSuchProcess: process PID not found (pid=13096)
2024-02-05 15:47:51,372 D Waiting for all logs to be sent to discord webhook
2024-02-05 15:54:35,638 I pate-trigger-sv-mgr @sechnaptien mo sv OPEN
2024-02-05 15:54:35,639 I Starting process
2024-02-05 15:54:35,886 I System memory: Virtual 6.0GiB/16.0GiB, Swap 72.8MiB/14.8GiB
> Process memory: Virtual -1.0B, Resident -1.0B
> Process uptime -19759 days, 15:05:25/1:00:00, reset count 0, pid None
> Script uptime 0:00:00
> Healthy (False, False)
2024-02-05 15:54:36,022 I System memory: Virtual 6.2GiB/16.0GiB, Swap 72.8MiB/14.8GiB
> Process memory: Virtual -1.0B, Resident -1.0B
> Process uptime 0:00:00/1:00:00, reset count 1, pid None
> Script uptime 0:00:00
> Healthy (False, False)
2024-02-05 15:54:36,023 W Process is not healthy, restart in 0:01:30 (<t:90:R>)
2024-02-05 15:54:36,023 D Process wait for unexpected die cancelled
2024-02-05 15:54:36,024 D Process monitor loop cancelled
2024-02-05 15:54:36,025 D Waiting for all logs to be sent to discord webhook
2024-02-05 15:57:15,732 I pate-trigger-sv-mgr @sechnaptien mo sv OPEN
2024-02-05 15:57:15,733 I Starting process
2024-02-05 15:57:16,032 I System memory: Virtual 6.1GiB/16.0GiB, Swap 72.0MiB/14.8GiB
> Process memory: Virtual -1.0B, Resident -1.0B
> Process uptime -19759 days, 15:02:44/1:00:00, reset count 0, pid None
> Script uptime 0:00:00
> Healthy (False, False)
2024-02-05 15:57:16,076 I System memory: Virtual 6.2GiB/16.0GiB, Swap 72.0MiB/14.8GiB
> Process memory: Virtual -1.0B, Resident -1.0B
> Process uptime 0:00:00/1:00:00, reset count 1, pid None
> Script uptime 0:00:00
> Healthy (False, False)
2024-02-05 15:57:16,079 W Process is not healthy, restart in 0:01:30 (<t:90:R>)
2024-02-05 15:57:16,080 D Process wait for unexpected die cancelled
2024-02-05 15:57:16,081 D Process monitor loop cancelled
2024-02-05 15:57:16,082 D Waiting for all logs to be sent to discord webhook
2024-02-05 16:02:14,342 I pate-trigger-sv-mgr @sechnaptien mo sv OPEN
2024-02-05 16:02:14,342 I Starting process
2024-02-05 16:02:14,621 I System memory: Virtual 6.1GiB/16.0GiB, Swap 72.0MiB/14.8GiB
> Process memory: Virtual -1.0B, Resident -1.0B
> Process uptime -19759 days, 14:57:46/1:00:00, reset count 0, pid None
> Script uptime 0:00:00
> Healthy (False, False)
2024-02-05 16:02:14,655 I System memory: Virtual 6.2GiB/16.0GiB, Swap 72.0MiB/14.8GiB
> Process memory: Virtual -1.0B, Resident -1.0B
> Process uptime 0:00:00/1:00:00, reset count 1, pid None
> Script uptime 0:00:00
> Healthy (False, False)
2024-02-05 16:02:14,663 W Process is not healthy, restart in 0:00:30 (<t:1707123764:R>)
2024-02-05 16:02:14,669 D Process wait for unexpected die cancelled
2024-02-05 16:02:14,669 D Process monitor loop cancelled
2024-02-05 16:02:14,670 D Waiting for all logs to be sent to discord webhook
2024-02-05 20:18:42,225 I pate-trigger-sv-mgr @sechnaptien mo sv OPEN
2024-02-05 20:18:42,225 I Starting process
2024-02-05 20:18:42,493 I System memory: Virtual 5.0GiB/16.0GiB, Swap 0.0B/14.8GiB
> Process memory: Virtual -1.0B, Resident -1.0B
> Process uptime -19759 days, 10:41:18/1:00:00, reset count 0, pid None
> Script uptime 0:00:00
> Healthy (False, False, False)
2024-02-05 20:18:42,502 I System memory: Virtual 5.0GiB/16.0GiB, Swap 0.0B/14.8GiB
> Process memory: Virtual -1.0B, Resident -1.0B
> Process uptime 0:00:00/1:00:00, reset count 1, pid None
> Script uptime 0:00:00
> Healthy (False, False, False)
2024-02-05 20:18:42,528 I System memory: Virtual 5.0GiB/16.0GiB, Swap 0.0B/14.8GiB
> Process memory: Virtual -1.0B, Resident -1.0B
> Process uptime 0:00:00/1:00:00, reset count 1, pid None
> Script uptime 0:00:00
> Healthy (False, False, False)
2024-02-05 20:18:42,530 W Process is not healthy, restart in 0:00:30 (<t:1707139152:R>)
2024-02-05 20:19:02,531 W Process kill in 10 seconds
2024-02-05 20:19:12,551 I Starting process
2024-02-05 20:19:12,570 I System memory: Virtual 6.5GiB/16.0GiB, Swap 0.0B/14.8GiB
> Process memory: Virtual -1.0B, Resident -1.0B
> Process uptime 0:00:00/1:00:00, reset count 2, pid None
> Script uptime -1 day, 23:59:30
> Healthy (False, False, False)
2024-02-05 20:19:12,595 I System memory: Virtual 6.5GiB/16.0GiB, Swap 0.0B/14.8GiB
> Process memory: Virtual -1.0B, Resident -1.0B
> Process uptime 0:00:00/1:00:00, reset count 2, pid None
> Script uptime -1 day, 23:59:30
> Healthy (False, False, False)
2024-02-05 20:19:12,596 W Process is not healthy, restart in 0:00:30 (<t:1707139182:R>)
2024-02-05 20:19:17,714 E Process died unexpectedly, return code 3221225786
2024-02-05 20:19:18,559 E Process died unexpectedly, return code 3221225786
2024-02-05 20:19:18,559 I Starting process
2024-02-05 20:19:18,587 I System memory: Virtual 6.5GiB/16.0GiB, Swap 0.0B/14.8GiB
> Process memory: Virtual -1.0B, Resident -1.0B
> Process uptime 0:00:00/1:00:00, reset count 3, pid None
> Script uptime -1 day, 23:59:24
> Healthy (False, False, False)
2024-02-05 20:19:18,613 I System memory: Virtual 6.5GiB/16.0GiB, Swap 0.0B/14.8GiB
> Process memory: Virtual -1.0B, Resident -1.0B
> Process uptime 0:00:00/1:00:00, reset count 3, pid None
> Script uptime -1 day, 23:59:24
> Healthy (False, False, False)
2024-02-05 20:19:18,614 W Process is not healthy, restart in 0:00:30 (<t:1707139188:R>)
2024-02-05 20:19:20,272 E Process died unexpectedly, return code 3221225786
2024-02-05 20:19:20,273 I Starting process
2024-02-05 20:19:20,294 I System memory: Virtual 5.8GiB/16.0GiB, Swap 0.0B/14.8GiB
> Process memory: Virtual -1.0B, Resident -1.0B
> Process uptime 0:00:00/1:00:00, reset count 4, pid None
> Script uptime -1 day, 23:59:22
> Healthy (False, False, False)
2024-02-05 20:19:20,322 I System memory: Virtual 5.8GiB/16.0GiB, Swap 0.0B/14.8GiB
> Process memory: Virtual -1.0B, Resident -1.0B
> Process uptime 0:00:00/1:00:00, reset count 4, pid None
> Script uptime -1 day, 23:59:22
> Healthy (False, False, False)
2024-02-05 20:19:20,323 W Process is not healthy, restart in 0:00:30 (<t:1707139190:R>)
2024-02-05 20:19:23,416 E Process died unexpectedly, return code 3221225786
2024-02-05 20:19:23,429 I Starting process
2024-02-05 20:19:23,475 I System memory: Virtual 6.4GiB/16.0GiB, Swap 0.0B/14.8GiB
> Process memory: Virtual -1.0B, Resident -1.0B
> Process uptime 0:00:00/1:00:00, reset count 5, pid None
> Script uptime -1 day, 23:59:19
> Healthy (False, False, False)
2024-02-05 20:19:23,520 I System memory: Virtual 6.4GiB/16.0GiB, Swap 0.0B/14.8GiB
> Process memory: Virtual -1.0B, Resident -1.0B
> Process uptime 0:00:00/1:00:00, reset count 5, pid None
> Script uptime -1 day, 23:59:19
> Healthy (False, False, False)
2024-02-05 20:19:23,531 W Process is not healthy, restart in 0:00:30 (<t:1707139193:R>)
2024-02-05 20:19:27,680 E Process died unexpectedly, return code 3221225786
2024-02-05 20:19:27,689 I Starting process
2024-02-05 20:19:27,711 I System memory: Virtual 5.5GiB/16.0GiB, Swap 0.0B/14.8GiB
> Process memory: Virtual -1.0B, Resident -1.0B
> Process uptime 0:00:00/1:00:00, reset count 6, pid None
> Script uptime -1 day, 23:59:15
> Healthy (False, False, False)
2024-02-05 20:19:27,771 I System memory: Virtual 5.5GiB/16.0GiB, Swap 0.0B/14.8GiB
> Process memory: Virtual -1.0B, Resident -1.0B
> Process uptime 0:00:00/1:00:00, reset count 6, pid None
> Script uptime -1 day, 23:59:15
> Healthy (False, False, False)
2024-02-05 20:19:27,772 W Process is not healthy, restart in 0:00:30 (<t:1707139197:R>)
2024-02-05 20:19:30,229 D Process monitor loop cancelled
2024-02-05 20:19:30,229 D Process monitor loop cancelled
2024-02-05 20:19:30,230 D Process monitor loop cancelled
2024-02-05 20:19:30,230 D Process wait for unexpected death cancelled
2024-02-05 20:19:30,230 D Process monitor loop cancelled
2024-02-05 20:19:30,230 D Process monitor loop cancelled
2024-02-05 20:19:30,399 D Waiting for all logs to be sent to discord webhook
2024-02-05 20:38:38,858 I pate-trigger-sv-mgr @sechnaptien mo sv OPEN
2024-02-05 20:39:06,005 I Starting process
2024-02-05 20:39:23,554 I System memory: Virtual 5.2GiB/16.0GiB, Swap 0.0B/14.8GiB
> Process memory: Virtual -1.0B, Resident -1.0B
> Process uptime -19759 days, 10:20:37/1:00:00, start count 0, pid None
> Script uptime -1 day, 23:59:16
> Healthy (False, False, False)
2024-02-05 20:42:21,350 I pate-trigger-sv-mgr @sechnaptien mo sv OPEN
2024-02-05 20:42:21,350 I Starting process
2024-02-05 20:42:21,664 I System memory: Virtual 5.2GiB/16.0GiB, Swap 0.0B/14.8GiB
> Process memory: Virtual -1.0B, Resident -1.0B
> Process uptime -19759 days, 10:17:39/1:00:00, start count 0, pid None
> Script uptime 0:00:00
> Healthy (False, False, False)
2024-02-05 20:42:21,679 I System memory: Virtual 5.4GiB/16.0GiB, Swap 0.0B/14.8GiB
> Process memory: Virtual 111.8MiB, Resident 144.5MiB
> Process uptime 0:00:00/1:00:00, start count 1, pid (12416, 2604)
> Script uptime 0:00:00
> Healthy (True, True, True)
2024-02-05 20:43:21,689 I System memory: Virtual 6.3GiB/16.0GiB, Swap 0.0B/14.8GiB
> Process memory: Virtual 1.0GiB, Resident 1.1GiB
> Process uptime -1 day, 23:59:00/1:00:00, start count 1, pid (12416, 2604)
> Script uptime -1 day, 23:59:00
> Healthy (True, True, True)
2024-02-05 20:43:50,733 E Process died unexpectedly, return code 3221225786
2024-02-05 20:43:50,787 I Starting process
2024-02-05 20:43:50,816 I System memory: Virtual 6.3GiB/16.0GiB, Swap 0.0B/14.8GiB
> Process memory: Virtual -1.0B, Resident -1.0B
> Process uptime 0:00:00/1:00:00, start count 2, pid None
> Script uptime -1 day, 23:58:31
> Healthy (False, False, False)
2024-02-05 20:43:50,854 I System memory: Virtual 6.3GiB/16.0GiB, Swap 0.0B/14.8GiB
> Process memory: Virtual -1.0B, Resident -1.0B
> Process uptime 0:00:00/1:00:00, start count 2, pid None
> Script uptime -1 day, 23:58:31
> Healthy (False, False, False)
2024-02-05 20:43:50,855 W Process is not healthy, restart in 0:00:30 (<t:1707140660:R>)
2024-02-05 20:44:10,866 W Process kill in 10 seconds
2024-02-05 20:44:20,887 I Asking the process to shutdown gracefully
2024-02-05 20:44:20,889 C Unhandled exception
OSError: [WinError 87] The parameter is incorrect

The above exception was the direct cause of the following exception:

Traceback (most recent call last):
  File "d:\pate-trigger-sv-mgr\main.py", line 44, in main
    await restart_process()
  File "d:\pate-trigger-sv-mgr\main.py", line 116, in restart_process
    graceful_die_result = await process_graceful_kill(process)
                          ^^^^^^^^^^^^^^^^^^^^^^^^^^^^^^^^^^^^
  File "d:\pate-trigger-sv-mgr\main.py", line 138, in process_graceful_kill
    process.send_signal(signal.CTRL_BREAK_EVENT)
  File "C:\Users\GIGABYTE\.virtualenvs\pate-trigger-sv-mgr-_-Wr_S2L\Lib\site-packages\psutil\__init__.py", line 1261, in send_signal
    self._proc.send_signal(sig)
  File "C:\Users\GIGABYTE\.virtualenvs\pate-trigger-sv-mgr-_-Wr_S2L\Lib\site-packages\psutil\_pswindows.py", line 730, in wrapper
    return fun(self, *args, **kwargs)
           ^^^^^^^^^^^^^^^^^^^^^^^^^^
  File "C:\Users\GIGABYTE\.virtualenvs\pate-trigger-sv-mgr-_-Wr_S2L\Lib\site-packages\psutil\_pswindows.py", line 928, in send_signal
    os.kill(self.pid, sig)
SystemError: <built-in function kill> returned a result with an exception set
2024-02-05 20:44:21,024 D Process monitor loop cancelled
2024-02-05 20:44:21,025 D Process wait for unexpected death cancelled
2024-02-05 20:48:16,617 I pate-trigger-sv-mgr @sechnaptien mo sv OPEN
2024-02-05 20:48:16,617 I Starting process
2024-02-05 20:48:16,943 I System memory: Virtual 5.4GiB/16.0GiB, Swap 0.0B/14.8GiB
> Process memory: Virtual -1.0B, Resident -1.0B
> Process uptime -19759 days, 10:11:44/1:00:00, start count 0, pid None
> Script uptime 0:00:00
> Healthy (False, False, False)
2024-02-05 20:48:26,967 I System memory: Virtual 6.5GiB/16.0GiB, Swap 0.0B/14.8GiB
> Process memory: Virtual 1.0GiB, Resident 1.1GiB
> Process uptime -1 day, 23:59:50/1:00:00, start count 1, pid (8024, 13144)
> Script uptime -1 day, 23:59:50
> Healthy (True, True, True)
2024-02-05 20:48:36,991 I System memory: Virtual 6.5GiB/16.0GiB, Swap 0.0B/14.8GiB
> Process memory: Virtual 1.0GiB, Resident 1.1GiB
> Process uptime -1 day, 23:59:40/1:00:00, start count 1, pid (8024, 13144)
> Script uptime -1 day, 23:59:40
> Healthy (True, True, True)
2024-02-05 20:48:47,001 I System memory: Virtual 6.5GiB/16.0GiB, Swap 0.0B/14.8GiB
> Process memory: Virtual 1.0GiB, Resident 1.1GiB
> Process uptime -1 day, 23:59:30/1:00:00, start count 1, pid (8024, 13144)
> Script uptime -1 day, 23:59:30
> Healthy (True, True, True)
2024-02-05 20:48:57,011 I System memory: Virtual 6.5GiB/16.0GiB, Swap 0.0B/14.8GiB
> Process memory: Virtual 1.0GiB, Resident 1.1GiB
> Process uptime -1 day, 23:59:20/1:00:00, start count 1, pid (8024, 13144)
> Script uptime -1 day, 23:59:20
> Healthy (True, True, True)
2024-02-05 20:49:07,028 I System memory: Virtual 6.5GiB/16.0GiB, Swap 0.0B/14.8GiB
> Process memory: Virtual 1.0GiB, Resident 1.1GiB
> Process uptime -1 day, 23:59:10/1:00:00, start count 1, pid (8024, 13144)
> Script uptime -1 day, 23:59:10
> Healthy (True, True, True)
2024-02-05 20:49:14,873 D Process wait for unexpected death cancelled
2024-02-05 20:49:14,874 D Process monitor loop cancelled
2024-02-05 20:51:26,438 I pate-trigger-sv-mgr @sechnaptien mo sv OPEN
2024-02-05 20:51:26,439 I Starting process
2024-02-05 20:51:26,738 I System memory: Virtual 5.5GiB/16.0GiB, Swap 0.0B/14.8GiB
> Process memory: Virtual -1.0B/9.0GiB, Resident -1.0B
> Process uptime 19758 days, 13:51:26/1:00:00, start count 0, pid None
> Script uptime 0:00:00
> Healthy (False, False, False)
2024-02-05 20:51:36,757 I System memory: Virtual 6.3GiB/16.0GiB, Swap 64.0MiB/14.8GiB
> Process memory: Virtual 1.0GiB/9.0GiB, Resident 1.1GiB
> Process uptime 0:00:10/1:00:00, start count 1, pid (12320, 4628)
> Script uptime 0:00:10
> Healthy (True, True, True)
2024-02-05 20:51:41,200 E Process died unexpectedly, return code 3221225786
2024-02-05 20:51:41,210 I Starting process
2024-02-05 20:51:41,253 I System memory: Virtual 6.4GiB/16.0GiB, Swap 64.0MiB/14.8GiB
> Process memory: Virtual -1.0B/9.0GiB, Resident -1.0B
> Process uptime 0:00:00/1:00:00, start count 2, pid None
> Script uptime 0:00:14
> Healthy (False, False, False)
2024-02-05 20:51:41,254 W Process is not healthy, restart in 0:00:20 (<t:1707141121:R>)
2024-02-05 20:51:51,252 W Process kill in 10 seconds
2024-02-05 20:51:51,276 I System memory: Virtual 6.3GiB/16.0GiB, Swap 64.0MiB/14.8GiB
> Process memory: Virtual 1.0GiB/9.0GiB, Resident 1.1GiB
> Process uptime 0:00:10/1:00:00, start count 2, pid (12464, 3764)
> Script uptime 0:00:24
> Healthy (True, True, True)
2024-02-05 20:52:01,260 I Asking the process to shutdown gracefully
2024-02-05 20:52:01,262 C Unhandled exception
OSError: [WinError 87] The parameter is incorrect

The above exception was the direct cause of the following exception:

Traceback (most recent call last):
  File "d:\pate-trigger-sv-mgr\main.py", line 44, in main
    await restart_process()
  File "d:\pate-trigger-sv-mgr\main.py", line 116, in restart_process
    graceful_die_result = await process_graceful_kill(process)
                          ^^^^^^^^^^^^^^^^^^^^^^^^^^^^^^^^^^^^
  File "d:\pate-trigger-sv-mgr\main.py", line 137, in process_graceful_kill
    process.send_signal(signal.CTRL_BREAK_EVENT)
  File "C:\Users\GIGABYTE\.virtualenvs\pate-trigger-sv-mgr-_-Wr_S2L\Lib\site-packages\psutil\__init__.py", line 1261, in send_signal
    self._proc.send_signal(sig)
  File "C:\Users\GIGABYTE\.virtualenvs\pate-trigger-sv-mgr-_-Wr_S2L\Lib\site-packages\psutil\_pswindows.py", line 730, in wrapper
    return fun(self, *args, **kwargs)
           ^^^^^^^^^^^^^^^^^^^^^^^^^^
  File "C:\Users\GIGABYTE\.virtualenvs\pate-trigger-sv-mgr-_-Wr_S2L\Lib\site-packages\psutil\_pswindows.py", line 928, in send_signal
    os.kill(self.pid, sig)
SystemError: <built-in function kill> returned a result with an exception set
2024-02-05 20:52:01,277 D Process monitor loop cancelled
2024-02-05 20:52:01,278 D Process wait for unexpected death cancelled
2024-02-05 21:06:34,242 I pate-trigger-sv-mgr @sechnaptien mo sv OPEN
2024-02-05 21:06:34,243 I Starting process
2024-02-05 21:06:34,604 I System memory: Virtual 5.6GiB/16.0GiB, Swap 60.8MiB/14.8GiB
> Process memory: Virtual -1.0B/9.0GiB, Resident -1.0B
> Process uptime 19758 days, 14:06:34/1:00:00, start count 0, pid None
> Script uptime 0:00:00
> Healthy (False, False, False)
2024-02-05 21:06:44,638 I System memory: Virtual 6.7GiB/16.0GiB, Swap 60.8MiB/14.8GiB
> Process memory: Virtual 1.0GiB/9.0GiB, Resident 1.1GiB
> Process uptime 0:00:10/1:00:00, start count 1, pid (9012, 11648)
> Script uptime 0:00:10
> Healthy (True, True, True)
2024-02-05 21:06:54,663 I System memory: Virtual 6.6GiB/16.0GiB, Swap 60.8MiB/14.8GiB
> Process memory: Virtual 1.0GiB/9.0GiB, Resident 1.1GiB
> Process uptime 0:00:20/1:00:00, start count 1, pid (9012, 11648)
> Script uptime 0:00:20
> Healthy (True, True, True)
2024-02-05 21:07:04,672 I System memory: Virtual 6.6GiB/16.0GiB, Swap 60.8MiB/14.8GiB
> Process memory: Virtual 1.0GiB/9.0GiB, Resident 1.1GiB
> Process uptime 0:00:30/1:00:00, start count 1, pid (9012, 11648)
> Script uptime 0:00:30
> Healthy (True, True, True)
2024-02-05 21:07:09,318 D Process monitor loop cancelled
2024-02-05 21:07:09,319 D Process wait for unexpected death cancelled
2024-02-05 21:10:23,899 I pate-trigger-sv-mgr @sechnaptien mo sv OPEN
2024-02-05 21:10:23,900 I Starting process
2024-02-05 21:10:24,230 I System memory: Virtual 5.5GiB/16.0GiB, Swap 60.8MiB/14.8GiB
> Process memory: Virtual 111.8MiB/9.0GiB, Resident 144.8MiB
> Process uptime 0:00:00/1:00:00, start count 1, pid (9316, 12320)
> Script uptime 0:00:00
> Healthy (True, True, True)
2024-02-05 21:10:24,231 W Process is not healthy, restart in 0:00:20 (<t:1707142244:R>)
2024-02-05 21:10:34,240 I System memory: Virtual 6.6GiB/16.0GiB, Swap 60.8MiB/14.8GiB
> Process memory: Virtual 1.0GiB/9.0GiB, Resident 1.1GiB
> Process uptime 0:00:10/1:00:00, start count 1, pid (9316, 12320)
> Script uptime 0:00:10
> Healthy (True, True, True)
2024-02-05 21:10:34,242 W Process kill in 10 seconds
2024-02-05 21:10:44,255 I System memory: Virtual 6.7GiB/16.0GiB, Swap 60.8MiB/14.8GiB
> Process memory: Virtual 1.0GiB/9.0GiB, Resident 1.1GiB
> Process uptime 0:00:20/1:00:00, start count 1, pid (9316, 12320)
> Script uptime 0:00:20
> Healthy (True, True, True)
2024-02-05 21:10:44,258 I Asking the process to shutdown gracefully
2024-02-05 21:10:44,260 C Unhandled exception
OSError: [WinError 87] The parameter is incorrect

The above exception was the direct cause of the following exception:

Traceback (most recent call last):
  File "d:\pate-trigger-sv-mgr\main.py", line 45, in main
    await restart_process()
  File "d:\pate-trigger-sv-mgr\main.py", line 117, in restart_process
    graceful_die_result = await process_graceful_kill(process)
                          ^^^^^^^^^^^^^^^^^^^^^^^^^^^^^^^^^^^^
  File "d:\pate-trigger-sv-mgr\main.py", line 141, in process_graceful_kill
    process.send_signal(signal.CTRL_C_EVENT)
  File "C:\Users\GIGABYTE\.virtualenvs\pate-trigger-sv-mgr-_-Wr_S2L\Lib\site-packages\psutil\__init__.py", line 1261, in send_signal
    self._proc.send_signal(sig)
  File "C:\Users\GIGABYTE\.virtualenvs\pate-trigger-sv-mgr-_-Wr_S2L\Lib\site-packages\psutil\_pswindows.py", line 730, in wrapper
    return fun(self, *args, **kwargs)
           ^^^^^^^^^^^^^^^^^^^^^^^^^^
  File "C:\Users\GIGABYTE\.virtualenvs\pate-trigger-sv-mgr-_-Wr_S2L\Lib\site-packages\psutil\_pswindows.py", line 928, in send_signal
    os.kill(self.pid, sig)
SystemError: <built-in function kill> returned a result with an exception set
2024-02-05 21:10:44,272 D Process wait for unexpected death cancelled
2024-02-05 21:17:14,354 I pate-trigger-sv-mgr @sechnaptien mo sv OPEN
2024-02-05 21:17:14,354 I Starting process
2024-02-05 21:17:14,726 I System memory: Virtual 5.8GiB/16.0GiB, Swap 59.3MiB/14.8GiB
> Process memory: Virtual 109.5MiB/9.0GiB, Resident 142.5MiB
> Process uptime 0:00:00/1:00:00, start count 1, pid (13048, 5916)
> Script uptime 0:00:00
> Healthy (True, True, True)
2024-02-05 21:17:14,727 W Process is not healthy, restart in 0:00:20 (<t:1707142654:R>)
2024-02-05 21:17:24,736 W Process kill in 10 seconds
2024-02-05 21:17:24,744 I System memory: Virtual 6.9GiB/16.0GiB, Swap 59.3MiB/14.8GiB
> Process memory: Virtual 1.0GiB/9.0GiB, Resident 1.1GiB
> Process uptime 0:00:10/1:00:00, start count 1, pid (13048, 5916)
> Script uptime 0:00:10
> Healthy (True, True, True)
2024-02-05 21:17:34,733 I Asking the process to shutdown gracefully
2024-02-05 21:17:34,756 I System memory: Virtual 6.9GiB/16.0GiB, Swap 59.3MiB/14.8GiB
> Process memory: Virtual 1.0GiB/9.0GiB, Resident 1.1GiB
> Process uptime 0:00:20/1:00:00, start count 1, pid (13048, 5916)
> Script uptime 0:00:20
> Healthy (True, True, True)
2024-02-05 21:17:38,073 E Killing process (Graceful shutdown timed out)
2024-02-05 21:17:38,172 E Process died unexpectedly, return code 15
2024-02-05 21:17:39,095 I Starting process
2024-02-05 21:17:39,138 I System memory: Virtual 5.9GiB/16.0GiB, Swap 59.3MiB/14.8GiB
> Process memory: Virtual -1.0B/9.0GiB, Resident -1.0B
> Process uptime 0:00:00/1:00:00, start count 2, pid None
> Script uptime 0:00:24
> Healthy (False, False, False)
2024-02-05 21:17:39,139 W Process is not healthy, restart in 0:00:20 (<t:1707142679:R>)
2024-02-05 21:17:49,139 W Process kill in 10 seconds
2024-02-05 21:17:49,153 I System memory: Virtual 6.9GiB/16.0GiB, Swap 59.1MiB/14.8GiB
> Process memory: Virtual 1.0GiB/9.0GiB, Resident 1.1GiB
> Process uptime 0:00:10/1:00:00, start count 2, pid (9880, 11944)
> Script uptime 0:00:34
> Healthy (True, True, True)
2024-02-05 21:17:59,150 I Asking the process to shutdown gracefully
2024-02-05 21:17:59,176 I System memory: Virtual 6.9GiB/16.0GiB, Swap 59.1MiB/14.8GiB
> Process memory: Virtual 1.0GiB/9.0GiB, Resident 1.1GiB
> Process uptime 0:00:20/1:00:00, start count 2, pid (9880, 11944)
> Script uptime 0:00:44
> Healthy (True, True, True)
2024-02-05 21:18:02,486 E Killing process (Graceful shutdown timed out)
2024-02-05 21:18:02,590 E Process died unexpectedly, return code 15
2024-02-05 21:18:03,495 I Starting process
2024-02-05 21:18:03,534 I System memory: Virtual 5.8GiB/16.0GiB, Swap 59.1MiB/14.8GiB
> Process memory: Virtual -1.0B/9.0GiB, Resident -1.0B
> Process uptime 0:00:00/1:00:00, start count 3, pid None
> Script uptime 0:00:49
> Healthy (False, False, False)
2024-02-05 21:18:03,535 W Process is not healthy, restart in 0:00:20 (<t:1707142703:R>)
2024-02-05 21:18:13,573 I System memory: Virtual 6.9GiB/16.0GiB, Swap 59.1MiB/14.8GiB
> Process memory: Virtual 1.0GiB/9.0GiB, Resident 1.1GiB
> Process uptime 0:00:10/1:00:00, start count 3, pid (4920, 12632)
> Script uptime 0:00:59
> Healthy (True, True, True)
2024-02-05 21:18:13,574 W Process kill in 10 seconds
2024-02-05 21:18:23,589 I System memory: Virtual 6.9GiB/16.0GiB, Swap 59.1MiB/14.8GiB
> Process memory: Virtual 1.0GiB/9.0GiB, Resident 1.1GiB
> Process uptime 0:00:20/1:00:00, start count 3, pid (4920, 12632)
> Script uptime 0:01:09
> Healthy (True, True, True)
2024-02-05 21:18:23,591 I Asking the process to shutdown gracefully
2024-02-05 21:19:07,293 I pate-trigger-sv-mgr @sechnaptien mo sv OPEN
2024-02-05 21:19:07,296 I Starting process
2024-02-05 21:19:07,630 I System memory: Virtual 5.8GiB/16.0GiB, Swap 59.0MiB/14.8GiB
> Process memory: Virtual 111.8MiB/9.0GiB, Resident 144.8MiB
> Process uptime 0:00:00/1:00:00, start count 1, pid (13196, 2860)
> Script uptime 0:00:00
> Healthy (True, True, True)
2024-02-05 21:19:07,631 W Process is not healthy, restart in 0:00:20 (<t:1707142767:R>)
2024-02-05 21:19:17,646 W Process kill in 10 seconds
2024-02-05 21:19:17,656 I System memory: Virtual 6.9GiB/16.0GiB, Swap 59.0MiB/14.8GiB
> Process memory: Virtual 1.0GiB/9.0GiB, Resident 1.1GiB
> Process uptime 0:00:10/1:00:00, start count 1, pid (13196, 2860)
> Script uptime 0:00:10
> Healthy (True, True, True)
2024-02-05 21:19:27,672 I System memory: Virtual 6.9GiB/16.0GiB, Swap 59.0MiB/14.8GiB
> Process memory: Virtual 1.0GiB/9.0GiB, Resident 1.1GiB
> Process uptime 0:00:20/1:00:00, start count 1, pid (13196, 2860)
> Script uptime 0:00:20
> Healthy (True, True, True)
2024-02-05 21:19:27,675 I Asking the process to shutdown gracefully
2024-02-05 21:19:45,818 I System memory: Virtual 6.9GiB/16.0GiB, Swap 59.0MiB/14.8GiB
> Process memory: Virtual 1.0GiB/9.0GiB, Resident 1.1GiB
> Process uptime 0:00:38/1:00:00, start count 1, pid (13196, 2860)
> Script uptime 0:00:38
> Healthy (True, True, True)
2024-02-05 21:22:52,984 I pate-trigger-sv-mgr @sechnaptien mo sv OPEN
2024-02-05 21:22:52,985 I Starting process
2024-02-05 21:22:53,317 I System memory: Virtual 5.8GiB/16.0GiB, Swap 59.0MiB/14.8GiB
> Process memory: Virtual 111.8MiB/9.0GiB, Resident 144.8MiB
> Process uptime 0:00:00/1:00:00, start count 1, pid (10488, 12204)
> Script uptime 0:00:00
> Healthy (True, True, True)
2024-02-05 21:22:53,317 W Process is not healthy, restart in 0:00:20 (<t:1707142993:R>)
2024-02-05 21:23:03,319 W Process kill in 10 seconds
2024-02-05 21:23:03,326 I System memory: Virtual 6.9GiB/16.0GiB, Swap 59.0MiB/14.8GiB
> Process memory: Virtual 1.0GiB/9.0GiB, Resident 1.1GiB
> Process uptime 0:00:10/1:00:00, start count 1, pid (10488, 12204)
> Script uptime 0:00:10
> Healthy (True, True, True)
2024-02-05 21:23:13,348 I System memory: Virtual 6.9GiB/16.0GiB, Swap 59.0MiB/14.8GiB
> Process memory: Virtual 1.0GiB/9.0GiB, Resident 1.1GiB
> Process uptime 0:00:20/1:00:00, start count 1, pid (10488, 12204)
> Script uptime 0:00:20
> Healthy (True, True, True)
2024-02-05 21:23:13,350 I Asking the process to shutdown gracefully
2024-02-05 21:23:16,697 E Killing process (Graceful shutdown timed out)
2024-02-05 21:23:16,808 E Process died unexpectedly, return code 15
2024-02-05 21:23:17,704 I Starting process
2024-02-05 21:23:17,751 I System memory: Virtual 5.8GiB/16.0GiB, Swap 59.0MiB/14.8GiB
> Process memory: Virtual -1.0B/9.0GiB, Resident -1.0B
> Process uptime 0:00:00/1:00:00, start count 2, pid None
> Script uptime 0:00:24
> Healthy (False, False, False)
2024-02-05 21:23:17,752 W Process is not healthy, restart in 0:00:20 (<t:1707143017:R>)
2024-02-05 21:23:27,743 W Process kill in 10 seconds
2024-02-05 21:23:27,775 I System memory: Virtual 6.9GiB/16.0GiB, Swap 59.0MiB/14.8GiB
> Process memory: Virtual 1.0GiB/9.0GiB, Resident 1.1GiB
> Process uptime 0:00:10/1:00:00, start count 2, pid (6212, 7952)
> Script uptime 0:00:34
> Healthy (True, True, True)
2024-02-05 21:23:37,755 I Asking the process to shutdown gracefully
2024-02-05 21:23:37,792 I System memory: Virtual 6.9GiB/16.0GiB, Swap 59.0MiB/14.8GiB
> Process memory: Virtual 1.0GiB/9.0GiB, Resident 1.1GiB
> Process uptime 0:00:20/1:00:00, start count 2, pid (6212, 7952)
> Script uptime 0:00:44
> Healthy (True, True, True)
2024-02-05 21:23:41,104 E Killing process (Graceful shutdown timed out)
2024-02-05 21:23:41,205 E Process died unexpectedly, return code 15
2024-02-05 21:23:42,124 I Starting process
2024-02-05 21:23:42,169 I System memory: Virtual 5.8GiB/16.0GiB, Swap 59.0MiB/14.8GiB
> Process memory: Virtual -1.0B/9.0GiB, Resident -1.0B
> Process uptime 0:00:00/1:00:00, start count 3, pid None
> Script uptime 0:00:49
> Healthy (False, False, False)
2024-02-05 21:23:42,170 W Process is not healthy, restart in 0:00:20 (<t:1707143042:R>)
2024-02-05 21:25:41,002 I pate-trigger-sv-mgr @sechnaptien mo sv OPEN
2024-02-05 21:25:41,008 I Starting process
2024-02-05 21:25:41,352 I System memory: Virtual 5.7GiB/16.0GiB, Swap 59.0MiB/14.8GiB
> Process memory: Virtual 111.9MiB/9.0GiB, Resident 144.9MiB
> Process uptime 0:00:00/1:00:00, start count 1, pid (13160, 964)
> Script uptime 0:00:00
> Healthy (True, True, True)
2024-02-05 21:25:41,353 W Process is not healthy, restart in 0:00:20 (<t:1707143161:R>)
2024-02-05 21:25:51,366 I System memory: Virtual 6.7GiB/16.0GiB, Swap 59.0MiB/14.8GiB
> Process memory: Virtual 1.0GiB/9.0GiB, Resident 1.1GiB
> Process uptime 0:00:10/1:00:00, start count 1, pid (13160, 964)
> Script uptime 0:00:10
> Healthy (True, True, True)
2024-02-05 21:25:51,368 W Process kill in 10 seconds
2024-02-05 21:26:01,378 I System memory: Virtual 6.7GiB/16.0GiB, Swap 59.0MiB/14.8GiB
> Process memory: Virtual 1.0GiB/9.0GiB, Resident 1.1GiB
> Process uptime 0:00:20/1:00:00, start count 1, pid (13160, 964)
> Script uptime 0:00:20
> Healthy (True, True, True)
2024-02-05 21:26:01,380 I Asking the process to shutdown gracefully
2024-02-05 21:26:04,716 E Killing process (Graceful shutdown timed out)
2024-02-05 21:26:04,816 E Process died unexpectedly, return code 15
2024-02-05 21:26:05,731 I Starting process
2024-02-05 21:26:05,776 I System memory: Virtual 5.6GiB/16.0GiB, Swap 59.0MiB/14.8GiB
> Process memory: Virtual -1.0B/9.0GiB, Resident -1.0B
> Process uptime 0:00:00/1:00:00, start count 2, pid None
> Script uptime 0:00:24
> Healthy (False, False, False)
2024-02-05 21:26:05,777 W Process is not healthy, restart in 0:00:20 (<t:1707143185:R>)
2024-02-05 21:26:15,823 W Process kill in 10 seconds
2024-02-05 21:26:15,826 E Process died unexpectedly, return code 255
2024-02-05 21:26:15,826 I Starting process
2024-02-05 21:26:15,856 I System memory: Virtual 5.6GiB/16.0GiB, Swap 59.0MiB/14.8GiB
> Process memory: Virtual -1.0B/9.0GiB, Resident -1.0B
> Process uptime 0:00:00/1:00:00, start count 3, pid None
> Script uptime 0:00:34
> Healthy (False, False, False)
2024-02-05 21:26:15,857 W Process is not healthy, restart in 0:00:20 (<t:1707143195:R>)
2024-02-05 21:26:25,871 W Process kill in 10 seconds
2024-02-05 21:26:35,884 I Asking the process to shutdown gracefully
2024-02-05 21:26:39,228 E Killing process (Graceful shutdown timed out)
2024-02-05 21:26:39,336 E Process died unexpectedly, return code 15
2024-02-05 21:26:40,240 I Starting process
2024-02-05 21:26:40,281 I System memory: Virtual 5.7GiB/16.0GiB, Swap 59.0MiB/14.8GiB
> Process memory: Virtual -1.0B/9.0GiB, Resident -1.0B
> Process uptime 0:00:00/1:00:00, start count 4, pid None
> Script uptime 0:00:59
> Healthy (False, False, False)
2024-02-05 21:26:40,282 W Process is not healthy, restart in 0:00:20 (<t:1707143220:R>)
2024-02-05 21:26:40,746 E Process died unexpectedly, return code 3221225786
2024-02-05 21:26:40,758 I Starting process
2024-02-05 21:26:40,794 I System memory: Virtual 5.7GiB/16.0GiB, Swap 59.0MiB/14.8GiB
> Process memory: Virtual -1.0B/9.0GiB, Resident -1.0B
> Process uptime 0:00:00/1:00:00, start count 5, pid None
> Script uptime 0:00:59
> Healthy (False, False, False)
2024-02-05 21:26:40,795 W Process is not healthy, restart in 0:00:20 (<t:1707143220:R>)
2024-02-05 21:29:46,165 I pate-trigger-sv-mgr @sechnaptien mo sv OPEN
2024-02-05 21:29:46,167 I Starting process
2024-02-05 21:30:11,869 I System memory: Virtual 6.8GiB/16.0GiB, Swap 59.0MiB/14.8GiB
> Process memory: Virtual 1.0GiB/9.0GiB, Resident 1.1GiB
> Process uptime 0:00:25/1:00:00, start count 1, pid (11772, 3916)
> Script uptime 0:00:25
> Healthy (True, True, True)
2024-02-05 21:32:01,684 I pate-trigger-sv-mgr @sechnaptien mo sv OPEN
2024-02-05 21:32:01,685 I Starting process
2024-02-05 21:32:02,001 I System memory: Virtual 5.8GiB/16.0GiB, Swap 59.0MiB/14.8GiB
> Process memory: Virtual 112.0MiB/9.0GiB, Resident 145.0MiB
> Process uptime 0:00:00/1:00:00, start count 1, pid (12560, 12784)
> Script uptime 0:00:00
> Healthy (True, True, True)
2024-02-05 21:32:02,001 W Process is not healthy ((False, False, False)), restart in 0:00:20 (<t:1707143542:R>)
2024-02-05 21:32:12,001 W Process kill in 10 seconds
2024-02-05 21:32:12,009 I System memory: Virtual 6.8GiB/16.0GiB, Swap 59.0MiB/14.8GiB
> Process memory: Virtual 1.0GiB/9.0GiB, Resident 1.1GiB
> Process uptime 0:00:10/1:00:00, start count 1, pid (12560, 12784)
> Script uptime 0:00:10
> Healthy (True, True, True)
2024-02-05 21:32:14,267 D Process monitor loop cancelled
2024-02-05 21:32:14,268 D Process wait for unexpected death cancelled
2024-02-05 21:33:36,059 I pate-trigger-sv-mgr @sechnaptien mo sv OPEN
2024-02-05 21:33:36,062 I Starting process
2024-02-05 21:48:23,412 I pate-trigger-sv-mgr @sechnaptien mo sv OPEN
2024-02-05 21:48:23,413 I Starting process
2024-02-05 21:48:34,062 I System memory: Virtual 6.7GiB/16.0GiB, Swap 24.3MiB/14.8GiB
> Process memory: Virtual 1.0GiB/9.0GiB, Resident 1.1GiB
> Process uptime 0:00:10/1:00:00, start count 1, pid (13120, 11188)
> Script uptime 0:00:10
> Healthy (True, True, True)
2024-02-05 21:48:44,085 I System memory: Virtual 6.8GiB/16.0GiB, Swap 24.3MiB/14.8GiB
> Process memory: Virtual 1.0GiB/9.0GiB, Resident 1.1GiB
> Process uptime 0:00:20/1:00:00, start count 1, pid (13120, 11188)
> Script uptime 0:00:20
> Healthy (True, True, True)
2024-02-05 21:48:54,108 I System memory: Virtual 6.8GiB/16.0GiB, Swap 24.3MiB/14.8GiB
> Process memory: Virtual 1.0GiB/9.0GiB, Resident 1.1GiB
> Process uptime 0:00:30/1:00:00, start count 1, pid (13120, 11188)
> Script uptime 0:00:30
> Healthy (True, True, True)
2024-02-05 21:49:04,123 I System memory: Virtual 6.7GiB/16.0GiB, Swap 24.3MiB/14.8GiB
> Process memory: Virtual 1.0GiB/9.0GiB, Resident 1.1GiB
> Process uptime 0:00:40/1:00:00, start count 1, pid (13120, 11188)
> Script uptime 0:00:40
> Healthy (True, True, True)
2024-02-05 21:49:07,474 D Process wait for unexpected death cancelled
2024-02-05 21:49:07,476 D Process monitor loop cancelled
2024-02-05 21:52:00,469 I pate-trigger-sv-mgr @sechnaptien mo sv OPEN
2024-02-05 21:52:00,469 I Starting process
2024-02-05 21:52:01,769 I System memory: Virtual 5.9GiB/16.0GiB, Swap 24.3MiB/14.8GiB
> Process memory: Virtual 245.2MiB/9.0GiB, Resident 262.1MiB
> Process uptime 0:00:01/0:00:11, start count 1, pid (9392, 4376)
> Script uptime 0:00:01
> Healthy (True, True, True)
2024-02-05 21:52:11,785 I System memory: Virtual 6.8GiB/16.0GiB, Swap 24.3MiB/14.8GiB
> Process memory: Virtual 1.0GiB/9.0GiB, Resident 1.1GiB
> Process uptime 0:00:11/0:00:11, start count 1, pid (9392, 4376)
> Script uptime 0:00:11
> Healthy (True, True, False)
2024-02-05 21:52:11,787 W Process is not healthy (True, True, False), restart in 0:00:20 (<t:1707144751:R>)
2024-02-05 21:52:21,803 I System memory: Virtual 6.8GiB/16.0GiB, Swap 24.3MiB/14.8GiB
> Process memory: Virtual 1.0GiB/9.0GiB, Resident 1.1GiB
> Process uptime 0:00:21/0:00:11, start count 1, pid (9392, 4376)
> Script uptime 0:00:21
> Healthy (True, True, False)
2024-02-05 21:52:21,806 W Process kill in 10 seconds
2024-02-05 21:52:31,825 I System memory: Virtual 6.8GiB/16.0GiB, Swap 24.3MiB/14.8GiB
> Process memory: Virtual 1.0GiB/9.0GiB, Resident 1.1GiB
> Process uptime 0:00:31/0:00:11, start count 1, pid (9392, 4376)
> Script uptime 0:00:31
> Healthy (True, True, False)
2024-02-05 21:52:31,827 I Asking the process to shutdown gracefully
2024-02-05 21:52:35,169 E Killing process (Graceful shutdown timed out)
2024-02-05 21:52:35,265 E Process died unexpectedly, return code 15
2024-02-05 21:52:36,180 I Starting process
2024-02-05 21:52:37,227 I System memory: Virtual 5.9GiB/16.0GiB, Swap 24.3MiB/14.8GiB
> Process memory: Virtual 217.6MiB/9.0GiB, Resident 233.7MiB
> Process uptime 0:00:01/0:00:11, start count 2, pid (12676, 11768)
> Script uptime 0:00:36
> Healthy (True, True, True)
2024-02-05 21:52:44,261 E Process died unexpectedly, return code 3221225786
2024-02-05 21:52:44,270 I Starting process
2024-02-05 21:52:45,326 I System memory: Virtual 6.0GiB/16.0GiB, Swap 24.3MiB/14.8GiB
> Process memory: Virtual 232.9MiB/9.0GiB, Resident 255.8MiB
> Process uptime 0:00:01/0:00:11, start count 3, pid (1992, 1388)
> Script uptime 0:00:44
> Healthy (True, True, True)
2024-02-05 21:52:47,588 E Process died unexpectedly, return code 3221225786
2024-02-05 21:52:47,597 I Starting process
2024-02-05 21:52:48,644 I System memory: Virtual 5.9GiB/16.0GiB, Swap 24.3MiB/14.8GiB
> Process memory: Virtual 215.1MiB/9.0GiB, Resident 238.6MiB
> Process uptime 0:00:01/0:00:11, start count 4, pid (7872, 1644)
> Script uptime 0:00:48
> Healthy (True, True, True)
2024-02-05 21:52:52,091 E Process died unexpectedly, return code 3221225786
2024-02-05 21:52:52,092 I Starting process
2024-02-05 21:52:53,131 I System memory: Virtual 5.9GiB/16.0GiB, Swap 24.3MiB/14.8GiB
> Process memory: Virtual 199.8MiB/9.0GiB, Resident 222.4MiB
> Process uptime 0:00:01/0:00:11, start count 5, pid (10248, 2272)
> Script uptime 0:00:52
> Healthy (True, True, True)
2024-02-05 21:53:03,148 I System memory: Virtual 6.8GiB/16.0GiB, Swap 24.3MiB/14.8GiB
> Process memory: Virtual 1.0GiB/9.0GiB, Resident 1.1GiB
> Process uptime 0:00:11/0:00:11, start count 5, pid (10248, 2272)
> Script uptime 0:01:02
> Healthy (True, True, False)
2024-02-05 21:53:03,156 I System memory: Virtual 6.8GiB/16.0GiB, Swap 24.3MiB/14.8GiB
> Process memory: Virtual 1.0GiB/9.0GiB, Resident 1.1GiB
> Process uptime 0:00:11/0:00:11, start count 5, pid (10248, 2272)
> Script uptime 0:01:02
> Healthy (True, True, False)
2024-02-05 21:53:03,157 W Process is not healthy (True, True, False), restart in 0:00:20 (<t:1707144803:R>)
2024-02-05 22:03:41,762 I pate-trigger-sv-mgr @sechnaptien mo sv OPEN
2024-02-05 22:03:41,762 I Uploading process save data on before process restart
2024-02-05 22:03:41,763 E File upload error, path F:/Volume 1/gem/Palworld/_Dedicated Server/Saved.rar
Traceback (most recent call last):
  File "d:\pate-trigger-sv-mgr\DiscordWebhookHandler.py", line 114, in webhook_file_upload
    with open(file, "rb") as f:
         ^^^^^^^^^^^^^^^^
FileNotFoundError: [Errno 2] No such file or directory: 'F:/Volume 1/gem/Palworld/_Dedicated Server/Saved.rar'
2024-02-05 22:03:41,772 I Starting process
2024-02-05 22:03:43,084 I System memory: Virtual 6.0GiB/16.0GiB, Swap 24.3MiB/14.8GiB
> Process memory: Virtual 244.2MiB/1.0GiB, Resident 261.3MiB
> Process uptime 0:00:01/0:00:11, start count 1, pid (3672, 9580)
> Script uptime 0:00:01
> Healthiness (True, True, True)
2024-02-05 22:03:53,101 I System memory: Virtual 6.8GiB/16.0GiB, Swap 24.3MiB/14.8GiB
> Process memory: Virtual 1.0GiB/1.0GiB, Resident 1.1GiB
> Process uptime 0:00:11/0:00:11, start count 1, pid (3672, 9580)
> Script uptime 0:00:11
> Healthiness (True, False, False)
2024-02-05 22:03:53,111 I System memory: Virtual 6.8GiB/16.0GiB, Swap 24.3MiB/14.8GiB
> Process memory: Virtual 1.0GiB/1.0GiB, Resident 1.1GiB
> Process uptime 0:00:11/0:00:11, start count 1, pid (3672, 9580)
> Script uptime 0:00:11
> Healthiness (True, False, False)
2024-02-05 22:03:53,113 W Process is not healthy (True, False, False), restart in 0:00:20 (<t:1707145453:R>)
2024-02-05 22:04:03,130 I System memory: Virtual 6.8GiB/16.0GiB, Swap 24.3MiB/14.8GiB
> Process memory: Virtual 1.0GiB/1.0GiB, Resident 1.1GiB
> Process uptime 0:00:21/0:00:11, start count 1, pid (3672, 9580)
> Script uptime 0:00:21
> Healthiness (True, False, False)
2024-02-05 22:04:03,132 W Process kill in 10 seconds
2024-02-05 22:04:13,140 I System memory: Virtual 6.8GiB/16.0GiB, Swap 24.0MiB/14.8GiB
> Process memory: Virtual 1.0GiB/1.0GiB, Resident 1.1GiB
> Process uptime 0:00:31/0:00:11, start count 1, pid (3672, 9580)
> Script uptime 0:00:31
> Healthiness (True, False, False)
2024-02-05 22:04:13,143 I Running backup subprocess on after process kill
2024-02-05 22:04:15,392 I Uploading process save data on before process restart
2024-02-05 22:04:20,013 I Asking the process to shutdown gracefully
2024-02-05 22:04:23,156 I System memory: Virtual 6.8GiB/16.0GiB, Swap 24.0MiB/14.8GiB
> Process memory: Virtual 1.0GiB/1.0GiB, Resident 1.1GiB
> Process uptime 0:00:41/0:00:11, start count 1, pid (3672, 9580)
> Script uptime 0:00:41
> Healthiness (True, False, False)
2024-02-05 22:04:23,353 E Killing process (Graceful shutdown timed out)
2024-02-05 22:04:23,450 E Process died unexpectedly, return code 15
2024-02-05 22:04:24,362 I Starting process
2024-02-05 22:04:25,389 I System memory: Virtual 6.0GiB/16.0GiB, Swap 24.0MiB/14.8GiB
> Process memory: Virtual 232.8MiB/1.0GiB, Resident 248.0MiB
> Process uptime 0:00:01/0:00:11, start count 2, pid (7508, 11032)
> Script uptime 0:00:43
> Healthiness (True, True, True)
2024-02-05 22:04:35,399 I System memory: Virtual 6.8GiB/16.0GiB, Swap 24.0MiB/14.8GiB
> Process memory: Virtual 1.0GiB/1.0GiB, Resident 1.1GiB
> Process uptime 0:00:11/0:00:11, start count 2, pid (7508, 11032)
> Script uptime 0:00:53
> Healthiness (True, False, False)
2024-02-05 22:04:35,407 I System memory: Virtual 6.8GiB/16.0GiB, Swap 24.0MiB/14.8GiB
> Process memory: Virtual 1.0GiB/1.0GiB, Resident 1.1GiB
> Process uptime 0:00:11/0:00:11, start count 2, pid (7508, 11032)
> Script uptime 0:00:53
> Healthiness (True, False, False)
2024-02-05 22:04:35,411 W Process is not healthy (True, False, False), restart in 0:00:20 (<t:1707145495:R>)
2024-02-05 22:10:38,354 I pate-trigger-sv-mgr @sechnaptien mo sv OPEN
2024-02-05 22:10:38,355 I Running backup subprocess on after process kill
2024-02-05 22:10:40,684 I Uploading process save data on before process restart
2024-02-05 22:10:45,040 I Starting process
2024-02-05 22:10:46,320 I System memory: Virtual 6.1GiB/16.0GiB, Swap 24.0MiB/14.8GiB
> Process memory: Virtual 243.9MiB/1.0GiB, Resident 261.1MiB
> Process uptime 0:00:01/0:00:11, start count 1, pid (6936, 4920)
> Script uptime 0:00:07
> Healthiness (True, True, True)
2024-02-05 22:10:56,335 I System memory: Virtual 6.9GiB/16.0GiB, Swap 24.0MiB/14.8GiB
> Process memory: Virtual 1.0GiB/1.0GiB, Resident 1.1GiB
> Process uptime 0:00:11/0:00:11, start count 1, pid (6936, 4920)
> Script uptime 0:00:17
> Healthiness (True, False, False)
2024-02-05 22:10:56,341 I System memory: Virtual 6.9GiB/16.0GiB, Swap 24.0MiB/14.8GiB
> Process memory: Virtual 1.0GiB/1.0GiB, Resident 1.1GiB
> Process uptime 0:00:11/0:00:11, start count 1, pid (6936, 4920)
> Script uptime 0:00:17
> Healthiness (True, False, False)
2024-02-05 22:10:56,342 W Process is not healthy (True, False, False), restart in 0:00:20 (<t:1707145876:R>)
2024-02-05 22:11:06,358 I System memory: Virtual 6.9GiB/16.0GiB, Swap 24.0MiB/14.8GiB
> Process memory: Virtual 1.0GiB/1.0GiB, Resident 1.1GiB
> Process uptime 0:00:21/0:00:11, start count 1, pid (6936, 4920)
> Script uptime 0:00:28
> Healthiness (True, False, False)
2024-02-05 22:11:11,352 W Process kill in 5 seconds
2024-02-05 22:11:16,357 I Asking the process to shutdown gracefully
2024-02-05 22:11:16,380 I System memory: Virtual 6.9GiB/16.0GiB, Swap 24.0MiB/14.8GiB
> Process memory: Virtual 1.0GiB/1.0GiB, Resident 1.1GiB
> Process uptime 0:00:31/0:00:11, start count 1, pid (6936, 4920)
> Script uptime 0:00:38
> Healthiness (True, False, False)
2024-02-05 22:11:19,687 E Killing process (Graceful shutdown timed out)
2024-02-05 22:11:19,789 E Process died unexpectedly, return code 15
2024-02-05 22:11:20,684 I Running backup subprocess on after process kill
2024-02-05 22:11:22,571 I Uploading process save data on before process restart
2024-02-05 22:11:26,404 I System memory: Virtual 5.8GiB/16.0GiB, Swap 24.0MiB/14.8GiB
> Process memory: Virtual -1.0B/1.0GiB, Resident -1.0B
> Process uptime 0:00:41/0:00:11, start count 1, pid None
> Script uptime 0:00:48
> Healthiness (False, False, False)
2024-02-05 22:11:26,633 I Starting process
2024-02-05 22:11:27,668 I System memory: Virtual 6.0GiB/16.0GiB, Swap 24.0MiB/14.8GiB
> Process memory: Virtual 220.3MiB/1.0GiB, Resident 235.5MiB
> Process uptime 0:00:01/0:00:11, start count 2, pid (11456, 13180)
> Script uptime 0:00:49
> Healthiness (True, True, True)
2024-02-05 22:11:37,678 I System memory: Virtual 6.9GiB/16.0GiB, Swap 24.0MiB/14.8GiB
> Process memory: Virtual 1.0GiB/1.0GiB, Resident 1.1GiB
> Process uptime 0:00:11/0:00:11, start count 2, pid (11456, 13180)
> Script uptime 0:00:59
> Healthiness (True, False, False)
2024-02-05 22:11:37,679 W Process is not healthy (True, False, False), restart in 0:00:20 (<t:1707145917:R>)
2024-02-05 22:41:53,330 I pate-trigger-sv-mgr @sechnaptien mo sv OPEN
2024-02-05 22:41:53,331 I Running backup subprocess on after process death
2024-02-05 22:42:02,085 I Starting process
2024-02-05 22:42:03,363 I System memory: Virtual 5.8GiB/16.0GiB, Swap 25.4MiB/14.8GiB
> Process memory: Virtual 244.1MiB/9.0GiB, Resident 260.9MiB
> Process uptime 0:00:01/1:00:00, start count 1, pid (9328, 9976)
> Script uptime 0:00:10
> Healthiness (True, True, True)
2024-02-05 22:42:10,114 D Process monitor loop cancelled
2024-02-05 22:42:10,115 D Process wait for unexpected death cancelled
2024-02-05 22:42:10,130 D Waiting for all logs to be sent to discord webhook
2024-02-06 17:12:10,274 I pate-trigger-sv-mgr @sechnaptien mo sv OPEN
2024-02-06 17:12:10,318 I Running backup subprocess on after process death
2024-02-06 17:12:11,460 D Loading file D:/Palworld Dedicated Server/Backup save.log for webhook upload
2024-02-06 17:12:11,476 D Loading file D:/Palworld Dedicated Server/Saved.rar for webhook upload
2024-02-06 17:12:17,244 D Attempted to upload 2 files to webhook
2024-02-06 17:12:17,244 I Starting process
2024-02-06 17:12:17,244 C Unhandled exception
Traceback (most recent call last):
  File "D:\pate-trigger-sv-mgr\main.py", line 44, in main
    if await restart_process() is None:
       ^^^^^^^^^^^^^^^^^^^^^^^
  File "D:\pate-trigger-sv-mgr\main.py", line 135, in restart_process
    return await start_process()
           ^^^^^^^^^^^^^^^^^^^^^
  File "D:\pate-trigger-sv-mgr\main.py", line 140, in start_process
    process_parent_subprocess = await asyncio.create_subprocess_exec(
                                ^^^^^^^^^^^^^^^^^^^^^^^^^^^^^^^^^^^^^
  File "C:\Users\ACER\AppData\Local\Programs\Python\Python312\Lib\asyncio\subprocess.py", line 222, in create_subprocess_exec
    transport, protocol = await loop.subprocess_exec(
                          ^^^^^^^^^^^^^^^^^^^^^^^^^^^
  File "C:\Users\ACER\AppData\Local\Programs\Python\Python312\Lib\asyncio\base_events.py", line 1708, in subprocess_exec
    transport = await self._make_subprocess_transport(
                ^^^^^^^^^^^^^^^^^^^^^^^^^^^^^^^^^^^^^^
  File "C:\Users\ACER\AppData\Local\Programs\Python\Python312\Lib\asyncio\windows_events.py", line 399, in _make_subprocess_transport
    transp = _WindowsSubprocessTransport(self, protocol, args, shell,
             ^^^^^^^^^^^^^^^^^^^^^^^^^^^^^^^^^^^^^^^^^^^^^^^^^^^^^^^^
  File "C:\Users\ACER\AppData\Local\Programs\Python\Python312\Lib\asyncio\base_subprocess.py", line 36, in __init__
    self._start(args=args, shell=shell, stdin=stdin, stdout=stdout,
  File "C:\Users\ACER\AppData\Local\Programs\Python\Python312\Lib\asyncio\windows_events.py", line 873, in _start
    self._proc = windows_utils.Popen(
                 ^^^^^^^^^^^^^^^^^^^^
  File "C:\Users\ACER\AppData\Local\Programs\Python\Python312\Lib\asyncio\windows_utils.py", line 153, in __init__
    super().__init__(args, stdin=stdin_rfd, stdout=stdout_wfd,
  File "C:\Users\ACER\AppData\Local\Programs\Python\Python312\Lib\subprocess.py", line 1026, in __init__
    self._execute_child(args, executable, preexec_fn, close_fds,
  File "C:\Users\ACER\AppData\Local\Programs\Python\Python312\Lib\subprocess.py", line 1538, in _execute_child
    hp, ht, pid, tid = _winapi.CreateProcess(executable, args,
                       ^^^^^^^^^^^^^^^^^^^^^^^^^^^^^^^^^^^^^^^
FileNotFoundError: [WinError 2] The system cannot find the file specified
2024-02-06 17:12:17,356 D Waiting for all logs to be sent to discord webhook
2024-02-06 17:34:56,505 I pate-trigger-sv-mgr @sechnaptien mo sv OPEN
2024-02-06 17:34:56,506 I Running backup subprocess on after process death
2024-02-06 17:34:57,781 D Loading file D:/Palworld Dedicated Server/Backup save.log for webhook upload
2024-02-06 17:34:57,792 D Loading file D:/Palworld Dedicated Server/Saved.rar for webhook upload
2024-02-06 17:35:03,251 D Attempted to upload 2 files to webhook
2024-02-06 17:35:03,259 I Starting process
2024-02-06 17:35:04,631 I System memory: Virtual 5.9GiB/11.8GiB, Swap 65.1MiB/4.2GiB
> Process memory: Virtual 111.9MiB/9.0GiB, Resident 157.6MiB
> Process uptime 0:00:01/1:00:00, start count 1, pid (4552, 13248)
> Script uptime 0:00:08
> Healthiness {'Running': True, 'Memory': True, 'Uptime': True}
2024-02-06 17:35:23,489 D Process wait for unexpected death cancelled
2024-02-06 17:35:23,490 D Process monitor loop cancelled
2024-02-06 17:35:23,545 D Waiting for all logs to be sent to discord webhook
2024-02-06 17:36:57,634 I pate-trigger-sv-mgr @sechnaptien mo sv OPEN
2024-02-06 17:37:30,804 I pate-trigger-sv-mgr @sechnaptien mo sv OPEN
2024-02-06 17:37:30,804 I Starting process
2024-02-06 17:37:32,171 I System memory: Virtual 6.1GiB/11.8GiB, Swap 65.1MiB/4.2GiB
> Process memory: Virtual 244.5MiB/9.0GiB, Resident 260.1MiB
> Process uptime 0:00:01/1:00:00, start count 1, pid (7508, 13084)
> Script uptime 0:00:01
> Healthiness {'Running': True, 'Memory': True, 'Uptime': True}
2024-02-06 17:38:18,986 E Process died unexpectedly, return code 255
2024-02-06 17:38:19,002 I Running backup subprocess on after process death
2024-02-06 17:38:20,037 D Loading file D:/Palworld Dedicated Server/Backup save.log for webhook upload
2024-02-06 17:38:20,053 D Loading file D:/Palworld Dedicated Server/Saved.rar for webhook upload
2024-02-06 17:38:25,051 D Attempted to upload 2 files to webhook
2024-02-06 17:38:25,051 I Starting process
2024-02-06 17:38:26,094 I System memory: Virtual 6.1GiB/11.8GiB, Swap 65.1MiB/4.2GiB
> Process memory: Virtual 187.1MiB/9.0GiB, Resident 199.4MiB
> Process uptime 0:00:01/1:00:00, start count 2, pid (12440, 9660)
> Script uptime 0:00:55
> Healthiness {'Running': True, 'Memory': True, 'Uptime': True}
2024-02-06 17:39:11,365 D Process monitor loop cancelled
2024-02-06 17:39:11,365 D Process wait for unexpected death cancelled
2024-02-06 17:39:11,366 D Process monitor loop cancelled
2024-02-06 17:39:11,377 D Waiting for all logs to be sent to discord webhook
2024-02-06 17:44:27,880 I pate-trigger-sv-mgr @sechnaptien mo sv OPEN
2024-02-06 17:44:27,881 I Starting process
2024-02-06 17:44:29,226 I System memory: Virtual 6.1GiB/11.8GiB, Swap 63.3MiB/4.2GiB
> Process memory: Virtual 238.0MiB/9.0GiB, Resident 254.0MiB
> Process uptime 0:00:01/0:00:20, start count 1, pid (11048, 10964)
> Script uptime 0:00:01
> Healthiness {'Running': True, 'Memory': True, 'Uptime': True}
2024-02-06 17:44:59,257 I System memory: Virtual 7.1GiB/11.8GiB, Swap 71.6MiB/4.2GiB
> Process memory: Virtual 1.5GiB/9.0GiB, Resident 1.5GiB
> Process uptime 0:00:31/0:00:20, start count 1, pid (11048, 10964)
> Script uptime 0:00:31
> Healthiness {'Running': True, 'Memory': True, 'Uptime': False}
2024-02-06 17:44:59,259 W Process is not healthy {'Running': True, 'Memory': True, 'Uptime': False}, restart in 0:01:30 (<t:1707216389:R>)
2024-02-06 17:45:59,268 I System memory: Virtual 7.3GiB/11.8GiB, Swap 71.6MiB/4.2GiB
> Process memory: Virtual 1.6GiB/9.0GiB, Resident 1.6GiB
> Process uptime 0:01:31/0:00:20, start count 1, pid (11048, 10964)
> Script uptime 0:01:31
> Healthiness {'Running': True, 'Memory': True, 'Uptime': False}
2024-02-06 17:46:19,259 W Process kill in 0:00:10
2024-02-06 17:46:29,272 I Asking the process to shutdown gracefully
2024-02-06 17:46:32,613 E Killing process (Graceful shutdown timed out)
2024-02-06 17:46:32,779 E Process died unexpectedly, return code 15
2024-02-06 17:46:33,638 I Disabled backup subprocess on after process death
2024-02-06 17:46:33,639 I Starting process
2024-02-06 17:46:34,674 I System memory: Virtual 5.9GiB/11.8GiB, Swap 71.6MiB/4.2GiB
> Process memory: Virtual 216.4MiB/9.0GiB, Resident 231.6MiB
> Process uptime 0:00:01/0:00:20, start count 2, pid (12696, 9092)
> Script uptime 0:02:06
> Healthiness {'Running': True, 'Memory': True, 'Uptime': True}
2024-02-06 17:47:04,694 I System memory: Virtual 7.2GiB/11.8GiB, Swap 71.6MiB/4.2GiB
> Process memory: Virtual 1.5GiB/9.0GiB, Resident 1.5GiB
> Process uptime 0:00:31/0:00:20, start count 2, pid (12696, 9092)
> Script uptime 0:02:36
> Healthiness {'Running': True, 'Memory': True, 'Uptime': False}
2024-02-06 17:47:04,696 W Process is not healthy {'Running': True, 'Memory': True, 'Uptime': False}, restart in 0:01:30 (<t:1707216514:R>)
2024-02-06 17:49:13,094 I pate-trigger-sv-mgr @sechnaptien mo sv OPEN
2024-02-06 17:49:13,095 I Starting process
2024-02-06 17:49:14,377 I System memory: Virtual 5.9GiB/11.8GiB, Swap 71.5MiB/4.2GiB
> Process memory: Virtual 244.4MiB/1.0GiB, Resident 260.1MiB
> Process uptime 0:00:01/1:00:00, start count 1, pid (12408, 488)
> Script uptime 0:00:01
> Healthiness {'Running': True, 'Memory': True, 'Uptime': True}
2024-02-06 17:50:14,392 I System memory: Virtual 7.2GiB/11.8GiB, Swap 87.6MiB/4.2GiB
> Process memory: Virtual 1.5GiB/1.0GiB, Resident 1.6GiB
> Process uptime 0:01:01/1:00:00, start count 1, pid (12408, 488)
> Script uptime 0:01:01
> Healthiness {'Running': True, 'Memory': False, 'Uptime': True}
2024-02-06 17:50:14,400 I System memory: Virtual 7.2GiB/11.8GiB, Swap 87.6MiB/4.2GiB
> Process memory: Virtual 1.5GiB/1.0GiB, Resident 1.6GiB
> Process uptime 0:01:01/1:00:00, start count 1, pid (12408, 488)
> Script uptime 0:01:01
> Healthiness {'Running': True, 'Memory': False, 'Uptime': True}
2024-02-06 17:50:14,402 W Process is not healthy, restart in 0:00:15 (<t:1707216629:R>), healthiness {'Running': True, 'Memory': False, 'Uptime': True}
2024-02-06 17:50:19,407 W Process kill in 0:00:10
2024-02-06 17:50:29,422 I Asking the process to shutdown gracefully
2024-02-06 17:50:32,748 E Killing process (Graceful shutdown timed out)
2024-02-06 17:50:32,918 E Process died unexpectedly, return code 15
2024-02-06 17:50:33,757 I Disabled backup subprocess on after process death
2024-02-06 17:50:33,757 I Starting process
2024-02-06 17:50:34,794 I System memory: Virtual 5.7GiB/11.8GiB, Swap 87.6MiB/4.2GiB
> Process memory: Virtual 186.6MiB/1.0GiB, Resident 198.3MiB
> Process uptime 0:00:01/1:00:00, start count 2, pid (3640, 11156)
> Script uptime 0:01:21
> Healthiness {'Running': True, 'Memory': True, 'Uptime': True}
2024-02-06 17:59:49,926 I pate-trigger-sv-mgr @sechnaptien mo sv OPEN
2024-02-06 17:59:49,926 I Starting process
2024-02-06 17:59:51,275 I System memory: Virtual 6.0GiB/11.8GiB, Swap 81.1MiB/4.2GiB
> Process memory: Virtual 242.7MiB/1.0B, Resident 258.9MiB
> Process uptime 0:00:01/1:00:00, start count 1, pid (11332, 8016)
> Script uptime 0:00:01
> Healthiness {'Running': True, 'Memory': False, 'Uptime': True}
2024-02-06 17:59:51,284 I System memory: Virtual 6.0GiB/11.8GiB, Swap 81.1MiB/4.2GiB
> Process memory: Virtual 244.1MiB/1.0B, Resident 260.3MiB
> Process uptime 0:00:01/1:00:00, start count 1, pid (11332, 8016)
> Script uptime 0:00:01
> Healthiness {'Running': True, 'Memory': False, 'Uptime': True}
2024-02-06 17:59:51,286 W Process is not healthy, restart in 0:00:15 (<t:1707217206:R>), healthiness {'Running': True, 'Memory': False, 'Uptime': True}
2024-02-06 18:00:01,291 W Process kill in 0:00:05
2024-02-06 18:00:06,295 I Asking the process to shutdown gracefully
2024-02-06 18:00:09,643 E Killing process (Graceful shutdown timed out)
2024-02-06 18:00:10,654 I Disabled backup subprocess on after process death
2024-02-06 18:00:10,655 I Starting process
2024-02-06 18:00:11,690 I System memory: Virtual 5.9GiB/11.8GiB, Swap 81.1MiB/4.2GiB
> Process memory: Virtual 213.2MiB/1.0B, Resident 228.2MiB
> Process uptime 0:00:01/1:00:00, start count 2, pid (11412, 6080)
> Script uptime 0:00:21
> Healthiness {'Running': True, 'Memory': False, 'Uptime': True}
2024-02-06 18:00:11,698 I System memory: Virtual 5.9GiB/11.8GiB, Swap 81.1MiB/4.2GiB
> Process memory: Virtual 216.1MiB/1.0B, Resident 231.3MiB
> Process uptime 0:00:01/1:00:00, start count 2, pid (11412, 6080)
> Script uptime 0:00:21
> Healthiness {'Running': True, 'Memory': False, 'Uptime': True}
2024-02-06 18:00:11,699 W Process is not healthy, restart in 0:00:15 (<t:1707217226:R>), healthiness {'Running': True, 'Memory': False, 'Uptime': True}
2024-02-06 18:00:21,710 W Process kill in 0:00:05
2024-02-06 19:26:13,925 I pate-trigger-sv-mgr @sechnaptien mo sv OPEN
2024-02-06 19:26:13,925 I Starting process
2024-02-06 19:26:15,761 I System memory: Virtual 3.1GiB/11.8GiB, Swap 0.0B/4.2GiB
> Process memory: Virtual 98.1MiB/9.0GiB, Resident 140.0MiB
> Process uptime 0:00:01/1:00:00, start count 1, pid (6636, 3564)
> Script uptime 0:00:01
> Healthiness {'Running': True, 'Memory': True, 'Uptime': True}
2024-02-06 19:27:15,781 I System memory: Virtual 4.9GiB/11.8GiB, Swap 0.0B/4.2GiB
> Process memory: Virtual 1.5GiB/9.0GiB, Resident 1.6GiB
> Process uptime 0:01:01/1:00:00, start count 1, pid (6636, 3564)
> Script uptime 0:01:01
> Healthiness {'Running': True, 'Memory': True, 'Uptime': True}
2024-02-06 19:28:15,802 I System memory: Virtual 5.2GiB/11.8GiB, Swap 0.0B/4.2GiB
> Process memory: Virtual 1.6GiB/9.0GiB, Resident 1.6GiB
> Process uptime 0:02:01/1:00:00, start count 1, pid (6636, 3564)
> Script uptime 0:02:01
> Healthiness {'Running': True, 'Memory': True, 'Uptime': True}
2024-02-06 19:29:15,822 I System memory: Virtual 5.2GiB/11.8GiB, Swap 0.0B/4.2GiB
> Process memory: Virtual 1.7GiB/9.0GiB, Resident 1.7GiB
> Process uptime 0:03:01/1:00:00, start count 1, pid (6636, 3564)
> Script uptime 0:03:01
> Healthiness {'Running': True, 'Memory': True, 'Uptime': True}
2024-02-06 19:30:15,850 I System memory: Virtual 5.1GiB/11.8GiB, Swap 0.0B/4.2GiB
> Process memory: Virtual 1.8GiB/9.0GiB, Resident 1.7GiB
> Process uptime 0:04:01/1:00:00, start count 1, pid (6636, 3564)
> Script uptime 0:04:01
> Healthiness {'Running': True, 'Memory': True, 'Uptime': True}
2024-02-06 19:31:15,882 I System memory: Virtual 5.2GiB/11.8GiB, Swap 0.0B/4.2GiB
> Process memory: Virtual 1.8GiB/9.0GiB, Resident 1.8GiB
> Process uptime 0:05:01/1:00:00, start count 1, pid (6636, 3564)
> Script uptime 0:05:01
> Healthiness {'Running': True, 'Memory': True, 'Uptime': True}
2024-02-06 19:32:15,909 I System memory: Virtual 5.3GiB/11.8GiB, Swap 0.0B/4.2GiB
> Process memory: Virtual 1.9GiB/9.0GiB, Resident 1.9GiB
> Process uptime 0:06:01/1:00:00, start count 1, pid (6636, 3564)
> Script uptime 0:06:01
> Healthiness {'Running': True, 'Memory': True, 'Uptime': True}
2024-02-06 19:33:15,923 I System memory: Virtual 5.3GiB/11.8GiB, Swap 0.0B/4.2GiB
> Process memory: Virtual 2.0GiB/9.0GiB, Resident 2.0GiB
> Process uptime 0:07:01/1:00:00, start count 1, pid (6636, 3564)
> Script uptime 0:07:01
> Healthiness {'Running': True, 'Memory': True, 'Uptime': True}
2024-02-06 19:34:15,941 I System memory: Virtual 5.4GiB/11.8GiB, Swap 0.0B/4.2GiB
> Process memory: Virtual 2.1GiB/9.0GiB, Resident 2.1GiB
> Process uptime 0:08:02/1:00:00, start count 1, pid (6636, 3564)
> Script uptime 0:08:02
> Healthiness {'Running': True, 'Memory': True, 'Uptime': True}
2024-02-06 19:35:15,959 I System memory: Virtual 5.6GiB/11.8GiB, Swap 0.0B/4.2GiB
> Process memory: Virtual 2.2GiB/9.0GiB, Resident 2.1GiB
> Process uptime 0:09:02/1:00:00, start count 1, pid (6636, 3564)
> Script uptime 0:09:02
> Healthiness {'Running': True, 'Memory': True, 'Uptime': True}
2024-02-06 19:36:15,973 I System memory: Virtual 5.7GiB/11.8GiB, Swap 0.0B/4.2GiB
> Process memory: Virtual 2.2GiB/9.0GiB, Resident 2.2GiB
> Process uptime 0:10:02/1:00:00, start count 1, pid (6636, 3564)
> Script uptime 0:10:02
> Healthiness {'Running': True, 'Memory': True, 'Uptime': True}
2024-02-06 19:37:15,988 I System memory: Virtual 5.1GiB/11.8GiB, Swap 0.0B/4.2GiB
> Process memory: Virtual 1.6GiB/9.0GiB, Resident 1.6GiB
> Process uptime 0:11:02/1:00:00, start count 1, pid (6636, 3564)
> Script uptime 0:11:02
> Healthiness {'Running': True, 'Memory': True, 'Uptime': True}
2024-02-06 19:38:16,004 I System memory: Virtual 5.1GiB/11.8GiB, Swap 0.0B/4.2GiB
> Process memory: Virtual 1.6GiB/9.0GiB, Resident 1.6GiB
> Process uptime 0:12:02/1:00:00, start count 1, pid (6636, 3564)
> Script uptime 0:12:02
> Healthiness {'Running': True, 'Memory': True, 'Uptime': True}
2024-02-06 19:39:16,025 I System memory: Virtual 5.3GiB/11.8GiB, Swap 0.0B/4.2GiB
> Process memory: Virtual 1.7GiB/9.0GiB, Resident 1.7GiB
> Process uptime 0:13:02/1:00:00, start count 1, pid (6636, 3564)
> Script uptime 0:13:02
> Healthiness {'Running': True, 'Memory': True, 'Uptime': True}
2024-02-06 19:40:16,035 I System memory: Virtual 5.3GiB/11.8GiB, Swap 6.2MiB/4.2GiB
> Process memory: Virtual 1.8GiB/9.0GiB, Resident 1.8GiB
> Process uptime 0:14:02/1:00:00, start count 1, pid (6636, 3564)
> Script uptime 0:14:02
> Healthiness {'Running': True, 'Memory': True, 'Uptime': True}
2024-02-06 19:41:16,053 I System memory: Virtual 5.4GiB/11.8GiB, Swap 6.2MiB/4.2GiB
> Process memory: Virtual 1.8GiB/9.0GiB, Resident 1.8GiB
> Process uptime 0:15:02/1:00:00, start count 1, pid (6636, 3564)
> Script uptime 0:15:02
> Healthiness {'Running': True, 'Memory': True, 'Uptime': True}
2024-02-06 19:42:16,066 I System memory: Virtual 5.4GiB/11.8GiB, Swap 6.2MiB/4.2GiB
> Process memory: Virtual 1.9GiB/9.0GiB, Resident 1.9GiB
> Process uptime 0:16:02/1:00:00, start count 1, pid (6636, 3564)
> Script uptime 0:16:02
> Healthiness {'Running': True, 'Memory': True, 'Uptime': True}
2024-02-06 19:43:16,083 I System memory: Virtual 5.4GiB/11.8GiB, Swap 6.2MiB/4.2GiB
> Process memory: Virtual 2.0GiB/9.0GiB, Resident 1.9GiB
> Process uptime 0:17:02/1:00:00, start count 1, pid (6636, 3564)
> Script uptime 0:17:02
> Healthiness {'Running': True, 'Memory': True, 'Uptime': True}
2024-02-06 19:44:16,093 I System memory: Virtual 5.3GiB/11.8GiB, Swap 6.2MiB/4.2GiB
> Process memory: Virtual 2.1GiB/9.0GiB, Resident 2.0GiB
> Process uptime 0:18:02/1:00:00, start count 1, pid (6636, 3564)
> Script uptime 0:18:02
> Healthiness {'Running': True, 'Memory': True, 'Uptime': True}
2024-02-06 19:45:16,101 I System memory: Virtual 5.5GiB/11.8GiB, Swap 6.2MiB/4.2GiB
> Process memory: Virtual 2.1GiB/9.0GiB, Resident 2.1GiB
> Process uptime 0:19:02/1:00:00, start count 1, pid (6636, 3564)
> Script uptime 0:19:02
> Healthiness {'Running': True, 'Memory': True, 'Uptime': True}
2024-02-06 19:46:15,768 I Running backup subprocess data backup job
2024-02-06 19:46:16,123 I System memory: Virtual 5.5GiB/11.8GiB, Swap 6.2MiB/4.2GiB
> Process memory: Virtual 2.2GiB/9.0GiB, Resident 2.1GiB
> Process uptime 0:20:02/1:00:00, start count 1, pid (6636, 3564)
> Script uptime 0:20:02
> Healthiness {'Running': True, 'Memory': True, 'Uptime': True}
2024-02-06 19:46:17,296 D Loading file D:/Palworld Dedicated Server/Backup save.log for webhook upload
2024-02-06 19:46:18,517 D Attempted to upload 1 files to webhook
2024-02-06 19:47:16,138 I System memory: Virtual 4.8GiB/11.8GiB, Swap 6.2MiB/4.2GiB
> Process memory: Virtual 1.6GiB/9.0GiB, Resident 1.5GiB
> Process uptime 0:21:02/1:00:00, start count 1, pid (6636, 3564)
> Script uptime 0:21:02
> Healthiness {'Running': True, 'Memory': True, 'Uptime': True}
2024-02-06 19:48:16,157 I System memory: Virtual 4.9GiB/11.8GiB, Swap 6.2MiB/4.2GiB
> Process memory: Virtual 1.6GiB/9.0GiB, Resident 1.6GiB
> Process uptime 0:22:02/1:00:00, start count 1, pid (6636, 3564)
> Script uptime 0:22:02
> Healthiness {'Running': True, 'Memory': True, 'Uptime': True}
2024-02-06 19:49:16,167 I System memory: Virtual 4.9GiB/11.8GiB, Swap 6.2MiB/4.2GiB
> Process memory: Virtual 1.7GiB/9.0GiB, Resident 1.6GiB
> Process uptime 0:23:02/1:00:00, start count 1, pid (6636, 3564)
> Script uptime 0:23:02
> Healthiness {'Running': True, 'Memory': True, 'Uptime': True}
2024-02-06 19:50:16,191 I System memory: Virtual 4.9GiB/11.8GiB, Swap 16.3MiB/4.2GiB
> Process memory: Virtual 1.8GiB/9.0GiB, Resident 1.7GiB
> Process uptime 0:24:02/1:00:00, start count 1, pid (6636, 3564)
> Script uptime 0:24:02
> Healthiness {'Running': True, 'Memory': True, 'Uptime': True}
2024-02-06 19:51:16,201 I System memory: Virtual 4.9GiB/11.8GiB, Swap 16.3MiB/4.2GiB
> Process memory: Virtual 1.9GiB/9.0GiB, Resident 1.8GiB
> Process uptime 0:25:02/1:00:00, start count 1, pid (6636, 3564)
> Script uptime 0:25:02
> Healthiness {'Running': True, 'Memory': True, 'Uptime': True}
2024-02-06 19:52:16,207 I System memory: Virtual 5.0GiB/11.8GiB, Swap 16.3MiB/4.2GiB
> Process memory: Virtual 1.9GiB/9.0GiB, Resident 1.8GiB
> Process uptime 0:26:02/1:00:00, start count 1, pid (6636, 3564)
> Script uptime 0:26:02
> Healthiness {'Running': True, 'Memory': True, 'Uptime': True}
2024-02-06 19:53:16,225 I System memory: Virtual 5.0GiB/11.8GiB, Swap 16.3MiB/4.2GiB
> Process memory: Virtual 2.0GiB/9.0GiB, Resident 1.9GiB
> Process uptime 0:27:02/1:00:00, start count 1, pid (6636, 3564)
> Script uptime 0:27:02
> Healthiness {'Running': True, 'Memory': True, 'Uptime': True}
2024-02-06 19:54:16,244 I System memory: Virtual 4.6GiB/11.8GiB, Swap 16.3MiB/4.2GiB
> Process memory: Virtual 1.5GiB/9.0GiB, Resident 1.4GiB
> Process uptime 0:28:02/1:00:00, start count 1, pid (6636, 3564)
> Script uptime 0:28:02
> Healthiness {'Running': True, 'Memory': True, 'Uptime': True}
2024-02-06 19:55:16,264 I System memory: Virtual 5.7GiB/11.8GiB, Swap 16.3MiB/4.2GiB
> Process memory: Virtual 2.6GiB/9.0GiB, Resident 2.5GiB
> Process uptime 0:29:02/1:00:00, start count 1, pid (6636, 3564)
> Script uptime 0:29:02
> Healthiness {'Running': True, 'Memory': True, 'Uptime': True}
2024-02-06 19:56:16,287 I System memory: Virtual 6.0GiB/11.8GiB, Swap 16.3MiB/4.2GiB
> Process memory: Virtual 2.9GiB/9.0GiB, Resident 2.9GiB
> Process uptime 0:30:02/1:00:00, start count 1, pid (6636, 3564)
> Script uptime 0:30:02
> Healthiness {'Running': True, 'Memory': True, 'Uptime': True}
2024-02-06 19:57:16,312 I System memory: Virtual 6.1GiB/11.8GiB, Swap 16.3MiB/4.2GiB
> Process memory: Virtual 3.0GiB/9.0GiB, Resident 2.9GiB
> Process uptime 0:31:02/1:00:00, start count 1, pid (6636, 3564)
> Script uptime 0:31:02
> Healthiness {'Running': True, 'Memory': True, 'Uptime': True}
2024-02-06 19:58:16,321 I System memory: Virtual 6.1GiB/11.8GiB, Swap 16.3MiB/4.2GiB
> Process memory: Virtual 3.0GiB/9.0GiB, Resident 3.0GiB
> Process uptime 0:32:02/1:00:00, start count 1, pid (6636, 3564)
> Script uptime 0:32:02
> Healthiness {'Running': True, 'Memory': True, 'Uptime': True}
2024-02-06 19:59:16,342 I System memory: Virtual 6.1GiB/11.8GiB, Swap 16.3MiB/4.2GiB
> Process memory: Virtual 3.1GiB/9.0GiB, Resident 3.0GiB
> Process uptime 0:33:02/1:00:00, start count 1, pid (6636, 3564)
> Script uptime 0:33:02
> Healthiness {'Running': True, 'Memory': True, 'Uptime': True}
2024-02-06 20:00:16,351 I System memory: Virtual 6.2GiB/11.8GiB, Swap 16.3MiB/4.2GiB
> Process memory: Virtual 3.1GiB/9.0GiB, Resident 3.0GiB
> Process uptime 0:34:02/1:00:00, start count 1, pid (6636, 3564)
> Script uptime 0:34:02
> Healthiness {'Running': True, 'Memory': True, 'Uptime': True}
2024-02-06 20:01:16,365 I System memory: Virtual 6.3GiB/11.8GiB, Swap 16.3MiB/4.2GiB
> Process memory: Virtual 3.3GiB/9.0GiB, Resident 3.2GiB
> Process uptime 0:35:02/1:00:00, start count 1, pid (6636, 3564)
> Script uptime 0:35:02
> Healthiness {'Running': True, 'Memory': True, 'Uptime': True}
2024-02-06 20:02:16,390 I System memory: Virtual 6.7GiB/11.8GiB, Swap 16.3MiB/4.2GiB
> Process memory: Virtual 3.6GiB/9.0GiB, Resident 3.6GiB
> Process uptime 0:36:02/1:00:00, start count 1, pid (6636, 3564)
> Script uptime 0:36:02
> Healthiness {'Running': True, 'Memory': True, 'Uptime': True}
2024-02-06 20:03:16,396 I System memory: Virtual 6.7GiB/11.8GiB, Swap 16.3MiB/4.2GiB
> Process memory: Virtual 3.7GiB/9.0GiB, Resident 3.6GiB
> Process uptime 0:37:02/1:00:00, start count 1, pid (6636, 3564)
> Script uptime 0:37:02
> Healthiness {'Running': True, 'Memory': True, 'Uptime': True}
2024-02-06 20:04:16,422 I System memory: Virtual 6.8GiB/11.8GiB, Swap 16.3MiB/4.2GiB
> Process memory: Virtual 3.7GiB/9.0GiB, Resident 3.7GiB
> Process uptime 0:38:02/1:00:00, start count 1, pid (6636, 3564)
> Script uptime 0:38:02
> Healthiness {'Running': True, 'Memory': True, 'Uptime': True}
2024-02-06 20:05:16,432 I System memory: Virtual 6.8GiB/11.8GiB, Swap 16.3MiB/4.2GiB
> Process memory: Virtual 3.8GiB/9.0GiB, Resident 3.7GiB
> Process uptime 0:39:02/1:00:00, start count 1, pid (6636, 3564)
> Script uptime 0:39:02
> Healthiness {'Running': True, 'Memory': True, 'Uptime': True}
2024-02-06 20:06:16,445 I System memory: Virtual 6.8GiB/11.8GiB, Swap 41.2MiB/4.2GiB
> Process memory: Virtual 3.8GiB/9.0GiB, Resident 3.7GiB
> Process uptime 0:40:02/1:00:00, start count 1, pid (6636, 3564)
> Script uptime 0:40:02
> Healthiness {'Running': True, 'Memory': True, 'Uptime': True}
2024-02-06 20:06:18,515 I Running backup subprocess data backup job
2024-02-06 20:06:20,050 D Loading file D:/Palworld Dedicated Server/Backup save.log for webhook upload
2024-02-06 20:06:21,315 D Attempted to upload 1 files to webhook
2024-02-06 20:07:16,463 I System memory: Virtual 6.3GiB/11.8GiB, Swap 35.1MiB/4.2GiB
> Process memory: Virtual 3.8GiB/9.0GiB, Resident 3.7GiB
> Process uptime 0:41:02/1:00:00, start count 1, pid (6636, 3564)
> Script uptime 0:41:02
> Healthiness {'Running': True, 'Memory': True, 'Uptime': True}
2024-02-06 20:08:16,478 I System memory: Virtual 6.3GiB/11.8GiB, Swap 35.1MiB/4.2GiB
> Process memory: Virtual 3.8GiB/9.0GiB, Resident 3.7GiB
> Process uptime 0:42:02/1:00:00, start count 1, pid (6636, 3564)
> Script uptime 0:42:02
> Healthiness {'Running': True, 'Memory': True, 'Uptime': True}
2024-02-06 20:09:16,488 I System memory: Virtual 6.4GiB/11.8GiB, Swap 35.1MiB/4.2GiB
> Process memory: Virtual 4.0GiB/9.0GiB, Resident 3.9GiB
> Process uptime 0:43:02/1:00:00, start count 1, pid (6636, 3564)
> Script uptime 0:43:02
> Healthiness {'Running': True, 'Memory': True, 'Uptime': True}
2024-02-06 20:10:16,517 I System memory: Virtual 6.5GiB/11.8GiB, Swap 35.1MiB/4.2GiB
> Process memory: Virtual 4.1GiB/9.0GiB, Resident 4.0GiB
> Process uptime 0:44:02/1:00:00, start count 1, pid (6636, 3564)
> Script uptime 0:44:02
> Healthiness {'Running': True, 'Memory': True, 'Uptime': True}
2024-02-06 20:11:16,531 I System memory: Virtual 6.3GiB/11.8GiB, Swap 35.1MiB/4.2GiB
> Process memory: Virtual 4.0GiB/9.0GiB, Resident 3.9GiB
> Process uptime 0:45:02/1:00:00, start count 1, pid (6636, 3564)
> Script uptime 0:45:02
> Healthiness {'Running': True, 'Memory': True, 'Uptime': True}
2024-02-06 20:12:16,537 I System memory: Virtual 6.2GiB/11.8GiB, Swap 35.1MiB/4.2GiB
> Process memory: Virtual 4.0GiB/9.0GiB, Resident 3.9GiB
> Process uptime 0:46:02/1:00:00, start count 1, pid (6636, 3564)
> Script uptime 0:46:02
> Healthiness {'Running': True, 'Memory': True, 'Uptime': True}
2024-02-06 20:13:16,548 I System memory: Virtual 6.3GiB/11.8GiB, Swap 35.1MiB/4.2GiB
> Process memory: Virtual 4.1GiB/9.0GiB, Resident 4.0GiB
> Process uptime 0:47:02/1:00:00, start count 1, pid (6636, 3564)
> Script uptime 0:47:02
> Healthiness {'Running': True, 'Memory': True, 'Uptime': True}
2024-02-06 20:14:16,568 I System memory: Virtual 6.4GiB/11.8GiB, Swap 34.4MiB/4.2GiB
> Process memory: Virtual 4.2GiB/9.0GiB, Resident 4.1GiB
> Process uptime 0:48:02/1:00:00, start count 1, pid (6636, 3564)
> Script uptime 0:48:02
> Healthiness {'Running': True, 'Memory': True, 'Uptime': True}
2024-02-06 20:15:16,592 I System memory: Virtual 6.8GiB/11.8GiB, Swap 33.7MiB/4.2GiB
> Process memory: Virtual 4.3GiB/9.0GiB, Resident 4.3GiB
> Process uptime 0:49:02/1:00:00, start count 1, pid (6636, 3564)
> Script uptime 0:49:02
> Healthiness {'Running': True, 'Memory': True, 'Uptime': True}
2024-02-06 20:16:16,604 I System memory: Virtual 6.9GiB/11.8GiB, Swap 33.5MiB/4.2GiB
> Process memory: Virtual 4.4GiB/9.0GiB, Resident 4.3GiB
> Process uptime 0:50:02/1:00:00, start count 1, pid (6636, 3564)
> Script uptime 0:50:02
> Healthiness {'Running': True, 'Memory': True, 'Uptime': True}
2024-02-06 20:17:16,623 I System memory: Virtual 6.9GiB/11.8GiB, Swap 33.0MiB/4.2GiB
> Process memory: Virtual 4.5GiB/9.0GiB, Resident 4.5GiB
> Process uptime 0:51:02/1:00:00, start count 1, pid (6636, 3564)
> Script uptime 0:51:02
> Healthiness {'Running': True, 'Memory': True, 'Uptime': True}
2024-02-06 20:18:16,630 I System memory: Virtual 7.1GiB/11.8GiB, Swap 32.9MiB/4.2GiB
> Process memory: Virtual 4.8GiB/9.0GiB, Resident 4.7GiB
> Process uptime 0:52:02/1:00:00, start count 1, pid (6636, 3564)
> Script uptime 0:52:02
> Healthiness {'Running': True, 'Memory': True, 'Uptime': True}
2024-02-06 20:19:16,652 I System memory: Virtual 7.3GiB/11.8GiB, Swap 32.9MiB/4.2GiB
> Process memory: Virtual 5.0GiB/9.0GiB, Resident 4.9GiB
> Process uptime 0:53:02/1:00:00, start count 1, pid (6636, 3564)
> Script uptime 0:53:02
> Healthiness {'Running': True, 'Memory': True, 'Uptime': True}
2024-02-06 20:20:16,661 I System memory: Virtual 7.2GiB/11.8GiB, Swap 31.2MiB/4.2GiB
> Process memory: Virtual 5.0GiB/9.0GiB, Resident 4.9GiB
> Process uptime 0:54:02/1:00:00, start count 1, pid (6636, 3564)
> Script uptime 0:54:02
> Healthiness {'Running': True, 'Memory': True, 'Uptime': True}
2024-02-06 20:21:16,684 I System memory: Virtual 7.3GiB/11.8GiB, Swap 31.2MiB/4.2GiB
> Process memory: Virtual 5.0GiB/9.0GiB, Resident 4.9GiB
> Process uptime 0:55:02/1:00:00, start count 1, pid (6636, 3564)
> Script uptime 0:55:02
> Healthiness {'Running': True, 'Memory': True, 'Uptime': True}
2024-02-06 20:22:16,696 I System memory: Virtual 7.1GiB/11.8GiB, Swap 30.9MiB/4.2GiB
> Process memory: Virtual 5.0GiB/9.0GiB, Resident 4.9GiB
> Process uptime 0:56:02/1:00:00, start count 1, pid (6636, 3564)
> Script uptime 0:56:02
> Healthiness {'Running': True, 'Memory': True, 'Uptime': True}
2024-02-06 20:23:16,708 I System memory: Virtual 7.1GiB/11.8GiB, Swap 42.2MiB/4.2GiB
> Process memory: Virtual 5.0GiB/9.0GiB, Resident 4.9GiB
> Process uptime 0:57:02/1:00:00, start count 1, pid (6636, 3564)
> Script uptime 0:57:02
> Healthiness {'Running': True, 'Memory': True, 'Uptime': True}
2024-02-06 20:24:16,729 I System memory: Virtual 7.0GiB/11.8GiB, Swap 42.2MiB/4.2GiB
> Process memory: Virtual 5.0GiB/9.0GiB, Resident 4.9GiB
> Process uptime 0:58:02/1:00:00, start count 1, pid (6636, 3564)
> Script uptime 0:58:02
> Healthiness {'Running': True, 'Memory': True, 'Uptime': True}
2024-02-06 20:25:16,734 I System memory: Virtual 7.0GiB/11.8GiB, Swap 41.0MiB/4.2GiB
> Process memory: Virtual 5.0GiB/9.0GiB, Resident 4.9GiB
> Process uptime 0:59:02/1:00:00, start count 1, pid (6636, 3564)
> Script uptime 0:59:02
> Healthiness {'Running': True, 'Memory': True, 'Uptime': True}
2024-02-06 20:26:16,211 I System memory: Virtual 7.1GiB/11.8GiB, Swap 38.1MiB/4.2GiB
> Process memory: Virtual 5.0GiB/9.0GiB, Resident 4.9GiB
> Process uptime 1:00:02/1:00:00, start count 1, pid (6636, 3564)
> Script uptime 1:00:02
> Healthiness {'Running': True, 'Memory': True, 'Uptime': False}
2024-02-06 20:26:16,211 W Process is not healthy, restart in 0:01:30 (<t:1707226066:R>), healthiness {'Running': True, 'Memory': True, 'Uptime': False}
2024-02-06 20:26:21,327 I Running backup subprocess data backup job
2024-02-06 20:26:22,565 D Loading file D:/Palworld Dedicated Server/Backup save.log for webhook upload
2024-02-06 20:26:24,024 D Attempted to upload 1 files to webhook
2024-02-06 20:27:16,242 I System memory: Virtual 7.1GiB/11.8GiB, Swap 37.2MiB/4.2GiB
> Process memory: Virtual 5.0GiB/9.0GiB, Resident 4.9GiB
> Process uptime 1:01:02/1:00:00, start count 1, pid (6636, 3564)
> Script uptime 1:01:02
> Healthiness {'Running': True, 'Memory': True, 'Uptime': False}
2024-02-06 20:27:36,212 W Process kill in 0:00:10
2024-02-06 20:27:46,218 I Asking the process to shutdown gracefully
2024-02-06 20:27:46,221 D Process wait for unexpected death cancelled
2024-02-06 20:27:46,312 C Unhandled exception
Traceback (most recent call last):
  File "D:\pate-trigger-sv-mgr\main.py", line 48, in main
    if await restart_process() is None:
       ^^^^^^^^^^^^^^^^^^^^^^^
  File "D:\pate-trigger-sv-mgr\main.py", line 149, in restart_process
    graceful_die_result = await process_graceful_kill(process)
                          ^^^^^^^^^^^^^^^^^^^^^^^^^^^^^^^^^^^^
  File "D:\pate-trigger-sv-mgr\main.py", line 179, in process_graceful_kill
    process_parent_subprocess.send_signal(signal.CTRL_BREAK_EVENT)
    ^^^^^^^^^^^^^^^^^^^^^^^^^^^^^^^^^^^^^
AttributeError: 'NoneType' object has no attribute 'send_signal'
2024-02-06 20:27:46,404 D Waiting for all logs to be sent to discord webhook
